<?xml version="1.0" encoding="UTF-8"?>
<!-- Generated by org.testng.reporters.JUnitXMLReporter -->
<testsuite ignored="0" hostname="LAPTOP-74A5F175" failures="0" tests="20" name="ChromeTests" time="138.152" errors="0" timestamp="2025-11-18T17:17:43 IST">
  <testcase classname="com.saucedemo.tests.LoginTests" name="verifyLoginWithValidCredentials" time="40.321"/>
  <testcase classname="com.saucedemo.tests.CartTests" name="verifyCartItems" time="37.839"/>
  <testcase classname="com.saucedemo.tests.ProductTests" name="verifyProductListingAfterLogin" time="36.519"/>
  <testcase classname="com.saucedemo.tests.LogoutTest" name="verifyLogout" time="35.984"/>
  <testcase classname="com.saucedemo.tests.LoginTests" name="verifyLoginWithInvalidCredentials" time="7.705"/>
  <testcase classname="com.saucedemo.tests.CheckoutTests" name="verifyCheckoutWithValidDetails" time="57.356"/>
  <testcase classname="com.saucedemo.tests.ProductTests" name="verifyAddToCart" time="12.089"/>
  <testcase classname="com.saucedemo.tests.LoginTests" name="verifyLoginWithEmptyUsername" time="8.85"/>
  <testcase classname="com.saucedemo.tests.CartTests" name="removeItemFromCartPage" time="18.133"/>
  <testcase classname="com.saucedemo.tests.CartTests" name="continueShoppingFromCart" time="8.844"/>
  <testcase classname="com.saucedemo.tests.LoginTests" name="verifyLoginWithEmptyPassword" time="13.415"/>
  <testcase classname="com.saucedemo.tests.ProductTests" name="addMultipleProductToCart" time="19.853"/>
  <testcase classname="com.saucedemo.tests.LoginTests" name="verifyLoginWithBothFieldsEmpty" time="7.784"/>
  <testcase classname="com.saucedemo.tests.CheckoutTests" name="verifyCheckoutWithMissingFirstname" time="26.806"/>
  <testcase classname="com.saucedemo.tests.CheckoutTests" name="verifyCheckoutWithMissingZipcode" time="5.567"/>
  <testcase classname="com.saucedemo.tests.CheckoutTests" name="verifyCancelCheckoutFromInfoPage" time="2.662"/>
  <testcase classname="com.saucedemo.tests.ProductTests" name="removeProductFromCart" time="17.119"/>
  <testcase classname="com.saucedemo.tests.CheckoutTests" name="verifyCompletePurchase" time="2.731"/>
  <testcase classname="com.saucedemo.tests.ProductTests" name="viewProductDetails" time="11.4"/>
  <testcase classname="com.saucedemo.tests.ProductTests" name="navigateBackFromProductDetails" time="0.824"/>
</testsuite> <!-- ChromeTests -->
