<?xml version="1.0" encoding="UTF-8"?>
<!-- Generated by org.testng.reporters.JUnitXMLReporter -->
<testsuite ignored="0" hostname="LAPTOP-74A5F175" failures="0" tests="20" name="ChromeTests" time="99.219" errors="0" timestamp="2025-12-01T19:49:51 IST">
  <testcase classname="com.saucedemo.tests.LoginTests" name="verifyLoginWithValidCredentials" time="18.048"/>
  <testcase classname="com.saucedemo.tests.ProductTests" name="verifyProductListingAfterLogin" time="18.8"/>
  <testcase classname="com.saucedemo.tests.CartTests" name="verifyCartItems" time="20.788"/>
  <testcase classname="com.saucedemo.tests.LogoutTest" name="verifyLogout" time="22.479"/>
  <testcase classname="com.saucedemo.tests.CheckoutTests" name="verifyCheckoutWithValidDetails" time="27.699"/>
  <testcase classname="com.saucedemo.tests.ProductTests" name="verifyAddToCart" time="4.018"/>
  <testcase classname="com.saucedemo.tests.CheckoutTests" name="verifyCheckoutWithMissingFirstname" time="3.033"/>
  <testcase classname="com.saucedemo.tests.ProductTests" name="addMultipleProductToCart" time="7.985"/>
  <testcase classname="com.saucedemo.tests.CartTests" name="removeItemFromCartPage" time="14.745"/>
  <testcase classname="com.saucedemo.tests.LoginTests" name="verifyLoginWithInvalidCredentials" time="15.815"/>
  <testcase classname="com.saucedemo.tests.LoginTests" name="verifyLoginWithEmptyUsername" time="4.868"/>
  <testcase classname="com.saucedemo.tests.CartTests" name="continueShoppingFromCart" time="5.667"/>
  <testcase classname="com.saucedemo.tests.LoginTests" name="verifyLoginWithEmptyPassword" time="1.046"/>
  <testcase classname="com.saucedemo.tests.CheckoutTests" name="verifyCheckoutWithMissingZipcode" time="9.488"/>
  <testcase classname="com.saucedemo.tests.LoginTests" name="verifyLoginWithBothFieldsEmpty" time="1.199"/>
  <testcase classname="com.saucedemo.tests.CheckoutTests" name="verifyCancelCheckoutFromInfoPage" time="4.77"/>
  <testcase classname="com.saucedemo.tests.ProductTests" name="removeProductFromCart" time="16.103"/>
  <testcase classname="com.saucedemo.tests.CheckoutTests" name="verifyCompletePurchase" time="7.896"/>
  <testcase classname="com.saucedemo.tests.ProductTests" name="viewProductDetails" time="14.759"/>
  <testcase classname="com.saucedemo.tests.ProductTests" name="navigateBackFromProductDetails" time="1.623"/>
</testsuite> <!-- ChromeTests -->
