<?xml version="1.0" encoding="UTF-8"?>
<!-- Generated by org.testng.reporters.JUnitXMLReporter -->
<testsuite ignored="0" hostname="LAPTOP-74A5F175" failures="0" tests="5" name="EdgeTests" time="2.797" errors="0" timestamp="2025-07-17T13:40:01 IST">
  <testcase classname="com.saucedemo.tests.LoginTests" name="verifyLoginWithValidCredentials" time="0.0">
    <skipped/>
  </testcase> <!-- verifyLoginWithValidCredentials -->
  <testcase classname="com.saucedemo.tests.LoginTests" name="verifyLoginWithInvalidCredentials" time="0.0">
    <skipped/>
  </testcase> <!-- verifyLoginWithInvalidCredentials -->
  <testcase classname="com.saucedemo.tests.LoginTests" name="verifyLoginWithEmptyUsername" time="0.0">
    <skipped/>
  </testcase> <!-- verifyLoginWithEmptyUsername -->
  <testcase classname="com.saucedemo.tests.LoginTests" name="verifyLoginWithEmptyPassword" time="0.0">
    <skipped/>
  </testcase> <!-- verifyLoginWithEmptyPassword -->
  <testcase classname="com.saucedemo.tests.LoginTests" name="verifyLoginWithBothFieldsEmpty" time="0.0">
    <skipped/>
  </testcase> <!-- verifyLoginWithBothFieldsEmpty -->
</testsuite> <!-- EdgeTests -->
