<?xml version="1.0" encoding="UTF-8"?>
<!-- Generated by org.testng.reporters.JUnitXMLReporter -->
<testsuite ignored="0" hostname="LAPTOP-74A5F175" failures="0" tests="20" name="FirefoxTests" time="129.825" errors="0" timestamp="2025-11-18T17:17:37 IST">
  <testcase classname="com.saucedemo.tests.LogoutTest" name="verifyLogout" time="12.751"/>
  <testcase classname="com.saucedemo.tests.ProductTests" name="verifyProductListingAfterLogin" time="10.094"/>
  <testcase classname="com.saucedemo.tests.ProductTests" name="verifyAddToCart" time="4.859"/>
  <testcase classname="com.saucedemo.tests.ProductTests" name="addMultipleProductToCart" time="8.073"/>
  <testcase classname="com.saucedemo.tests.CartTests" name="verifyCartItems" time="6.44"/>
  <testcase classname="com.saucedemo.tests.CheckoutTests" name="verifyCheckoutWithValidDetails" time="13.055"/>
  <testcase classname="com.saucedemo.tests.ProductTests" name="removeProductFromCart" time="13.622"/>
  <testcase classname="com.saucedemo.tests.LoginTests" name="verifyLoginWithValidCredentials" time="7.605"/>
  <testcase classname="com.saucedemo.tests.CheckoutTests" name="verifyCheckoutWithMissingFirstname" time="5.386"/>
  <testcase classname="com.saucedemo.tests.CheckoutTests" name="verifyCheckoutWithMissingZipcode" time="1.19"/>
  <testcase classname="com.saucedemo.tests.CheckoutTests" name="verifyCancelCheckoutFromInfoPage" time="1.179"/>
  <testcase classname="com.saucedemo.tests.CartTests" name="removeItemFromCartPage" time="18.087"/>
  <testcase classname="com.saucedemo.tests.LoginTests" name="verifyLoginWithInvalidCredentials" time="3.233"/>
  <testcase classname="com.saucedemo.tests.CheckoutTests" name="verifyCompletePurchase" time="1.591"/>
  <testcase classname="com.saucedemo.tests.CartTests" name="continueShoppingFromCart" time="1.253"/>
  <testcase classname="com.saucedemo.tests.LoginTests" name="verifyLoginWithEmptyUsername" time="2.523"/>
  <testcase classname="com.saucedemo.tests.ProductTests" name="viewProductDetails" time="17.707"/>
  <testcase classname="com.saucedemo.tests.LoginTests" name="verifyLoginWithEmptyPassword" time="0.467"/>
  <testcase classname="com.saucedemo.tests.LoginTests" name="verifyLoginWithBothFieldsEmpty" time="0.535"/>
  <testcase classname="com.saucedemo.tests.ProductTests" name="navigateBackFromProductDetails" time="3.07"/>
</testsuite> <!-- FirefoxTests -->
