<?xml version="1.0" encoding="UTF-8"?>
<!-- Generated by org.testng.reporters.JUnitXMLReporter -->
<testsuite ignored="0" hostname="LAPTOP-74A5F175" failures="0" tests="20" name="FirefoxTests" time="105.154" errors="0" timestamp="2025-12-01T19:49:57 IST">
  <testcase classname="com.saucedemo.tests.LoginTests" name="verifyLoginWithValidCredentials" time="1.297"/>
  <testcase classname="com.saucedemo.tests.LoginTests" name="verifyLoginWithInvalidCredentials" time="0.433"/>
  <testcase classname="com.saucedemo.tests.LoginTests" name="verifyLoginWithEmptyUsername" time="0.29"/>
  <testcase classname="com.saucedemo.tests.LoginTests" name="verifyLoginWithEmptyPassword" time="0.303"/>
  <testcase classname="com.saucedemo.tests.LoginTests" name="verifyLoginWithBothFieldsEmpty" time="0.34"/>
  <testcase classname="com.saucedemo.tests.LogoutTest" name="verifyLogout" time="2.302"/>
  <testcase classname="com.saucedemo.tests.ProductTests" name="verifyProductListingAfterLogin" time="2.13"/>
  <testcase classname="com.saucedemo.tests.CartTests" name="verifyCartItems" time="3.394"/>
  <testcase classname="com.saucedemo.tests.ProductTests" name="verifyAddToCart" time="3.143"/>
  <testcase classname="com.saucedemo.tests.CheckoutTests" name="verifyCheckoutWithValidDetails" time="3.573"/>
  <testcase classname="com.saucedemo.tests.ProductTests" name="addMultipleProductToCart" time="1.145"/>
  <testcase classname="com.saucedemo.tests.CheckoutTests" name="verifyCheckoutWithMissingFirstname" time="1.206"/>
  <testcase classname="com.saucedemo.tests.CheckoutTests" name="verifyCheckoutWithMissingZipcode" time="0.869"/>
  <testcase classname="com.saucedemo.tests.CheckoutTests" name="verifyCancelCheckoutFromInfoPage" time="0.855"/>
  <testcase classname="com.saucedemo.tests.CheckoutTests" name="verifyCompletePurchase" time="1.295"/>
  <testcase classname="com.saucedemo.tests.CartTests" name="removeItemFromCartPage" time="11.134"/>
  <testcase classname="com.saucedemo.tests.CartTests" name="continueShoppingFromCart" time="0.479"/>
  <testcase classname="com.saucedemo.tests.ProductTests" name="removeProductFromCart" time="10.537"/>
  <testcase classname="com.saucedemo.tests.ProductTests" name="viewProductDetails" time="10.897"/>
  <testcase classname="com.saucedemo.tests.ProductTests" name="navigateBackFromProductDetails" time="0.39"/>
</testsuite> <!-- FirefoxTests -->
