<?xml version="1.0" encoding="UTF-8"?>
<!-- Generated by org.testng.reporters.JUnitReportReporter -->
<testsuite hostname="LAPTOP-74A5F175" failures="0" tests="6" name="com.saucedemo.tests.CartTests" time="121.304" errors="0" timestamp="2025-11-18T17:17:43 IST" skipped="0">
  <testcase classname="com.saucedemo.tests.CartTests" name="verifyCartItems" time="38.406"/>
  <testcase classname="com.saucedemo.tests.CartTests" name="verifyCartItems" time="18.249"/>
  <testcase classname="com.saucedemo.tests.CartTests" name="removeItemFromCartPage" time="20.659"/>
  <testcase classname="com.saucedemo.tests.CartTests" name="removeItemFromCartPage" time="18.762"/>
  <testcase classname="com.saucedemo.tests.CartTests" name="continueShoppingFromCart" time="21.103"/>
  <testcase classname="com.saucedemo.tests.CartTests" name="continueShoppingFromCart" time="4.125"/>
</testsuite> <!-- com.saucedemo.tests.CartTests -->
