<?xml version="1.0" encoding="UTF-8"?>
<!-- Generated by org.testng.reporters.JUnitReportReporter -->
<testsuite hostname="LAPTOP-74A5F175" failures="0" tests="12" name="com.saucedemo.tests.ProductTests" time="126.072" errors="0" timestamp="2025-12-01T19:49:58 IST" skipped="0">
  <testcase classname="com.saucedemo.tests.ProductTests" name="verifyProductListingAfterLogin" time="21.963"/>
  <testcase classname="com.saucedemo.tests.ProductTests" name="verifyProductListingAfterLogin" time="2.556"/>
  <testcase classname="com.saucedemo.tests.ProductTests" name="verifyAddToCart" time="4.364"/>
  <testcase classname="com.saucedemo.tests.ProductTests" name="verifyAddToCart" time="18.470"/>
  <testcase classname="com.saucedemo.tests.ProductTests" name="addMultipleProductToCart" time="10.696"/>
  <testcase classname="com.saucedemo.tests.ProductTests" name="addMultipleProductToCart" time="1.538"/>
  <testcase classname="com.saucedemo.tests.ProductTests" name="removeProductFromCart" time="11.339"/>
  <testcase classname="com.saucedemo.tests.ProductTests" name="removeProductFromCart" time="20.723"/>
  <testcase classname="com.saucedemo.tests.ProductTests" name="viewProductDetails" time="11.305"/>
  <testcase classname="com.saucedemo.tests.ProductTests" name="viewProductDetails" time="15.053"/>
  <testcase classname="com.saucedemo.tests.ProductTests" name="navigateBackFromProductDetails" time="0.552"/>
  <testcase classname="com.saucedemo.tests.ProductTests" name="navigateBackFromProductDetails" time="7.513"/>
</testsuite> <!-- com.saucedemo.tests.ProductTests -->
