<?xml version="1.0" encoding="UTF-8"?>
<!-- Generated by org.testng.reporters.JUnitReportReporter -->
<testsuite hostname="LAPTOP-74A5F175" failures="0" tests="2" name="com.saucedemo.tests.LogoutTest" time="69.975" errors="0" timestamp="2025-11-18T17:17:43 IST" skipped="0">
  <testcase classname="com.saucedemo.tests.LogoutTest" name="verifyLogout" time="49.615"/>
  <testcase classname="com.saucedemo.tests.LogoutTest" name="verifyLogout" time="20.360"/>
</testsuite> <!-- com.saucedemo.tests.LogoutTest -->
