<?xml version="1.0" encoding="UTF-8"?>
<!-- Generated by org.testng.reporters.JUnitReportReporter -->
<testsuite hostname="LAPTOP-74A5F175" failures="0" tests="10" name="com.saucedemo.tests.LoginTests" time="118.262" errors="0" timestamp="2025-11-18T17:17:44 IST" skipped="0">
  <testcase classname="com.saucedemo.tests.LoginTests" name="verifyLoginWithValidCredentials" time="17.940"/>
  <testcase classname="com.saucedemo.tests.LoginTests" name="verifyLoginWithValidCredentials" time="41.291"/>
  <testcase classname="com.saucedemo.tests.LoginTests" name="verifyLoginWithInvalidCredentials" time="11.157"/>
  <testcase classname="com.saucedemo.tests.LoginTests" name="verifyLoginWithInvalidCredentials" time="5.547"/>
  <testcase classname="com.saucedemo.tests.LoginTests" name="verifyLoginWithEmptyUsername" time="9.337"/>
  <testcase classname="com.saucedemo.tests.LoginTests" name="verifyLoginWithEmptyUsername" time="3.094"/>
  <testcase classname="com.saucedemo.tests.LoginTests" name="verifyLoginWithEmptyPassword" time="1.226"/>
  <testcase classname="com.saucedemo.tests.LoginTests" name="verifyLoginWithEmptyPassword" time="17.489"/>
  <testcase classname="com.saucedemo.tests.LoginTests" name="verifyLoginWithBothFieldsEmpty" time="2.478"/>
  <testcase classname="com.saucedemo.tests.LoginTests" name="verifyLoginWithBothFieldsEmpty" time="8.703"/>
</testsuite> <!-- com.saucedemo.tests.LoginTests -->
