<?xml version="1.0" encoding="UTF-8"?>
<!-- Generated by org.testng.reporters.JUnitReportReporter -->
<testsuite hostname="LAPTOP-74A5F175" failures="0" tests="2" name="com.saucedemo.tests.LogoutTest" time="45.245" errors="0" timestamp="2025-12-01T19:49:58 IST" skipped="0">
  <testcase classname="com.saucedemo.tests.LogoutTest" name="verifyLogout" time="27.907"/>
  <testcase classname="com.saucedemo.tests.LogoutTest" name="verifyLogout" time="17.338"/>
</testsuite> <!-- com.saucedemo.tests.LogoutTest -->
