<?xml version="1.0" encoding="UTF-8"?>
<!-- Generated by org.testng.reporters.JUnitReportReporter -->
<testsuite hostname="LAPTOP-74A5F175" failures="0" tests="10" name="com.saucedemo.tests.CheckoutTests" time="98.267" errors="0" timestamp="2025-12-01T19:49:58 IST" skipped="0">
  <testcase classname="com.saucedemo.tests.CheckoutTests" name="verifyCheckoutWithValidDetails" time="28.004"/>
  <testcase classname="com.saucedemo.tests.CheckoutTests" name="verifyCheckoutWithValidDetails" time="23.699"/>
  <testcase classname="com.saucedemo.tests.CheckoutTests" name="verifyCheckoutWithMissingFirstname" time="9.322"/>
  <testcase classname="com.saucedemo.tests.CheckoutTests" name="verifyCheckoutWithMissingFirstname" time="1.600"/>
  <testcase classname="com.saucedemo.tests.CheckoutTests" name="verifyCheckoutWithMissingZipcode" time="14.422"/>
  <testcase classname="com.saucedemo.tests.CheckoutTests" name="verifyCheckoutWithMissingZipcode" time="1.198"/>
  <testcase classname="com.saucedemo.tests.CheckoutTests" name="verifyCancelCheckoutFromInfoPage" time="8.716"/>
  <testcase classname="com.saucedemo.tests.CheckoutTests" name="verifyCancelCheckoutFromInfoPage" time="1.179"/>
  <testcase classname="com.saucedemo.tests.CheckoutTests" name="verifyCompletePurchase" time="8.060"/>
  <testcase classname="com.saucedemo.tests.CheckoutTests" name="verifyCompletePurchase" time="2.067"/>
</testsuite> <!-- com.saucedemo.tests.CheckoutTests -->
