<?xml version="1.0" encoding="UTF-8"?>
<!-- Generated by org.testng.reporters.JUnitReportReporter -->
<testsuite hostname="LAPTOP-74A5F175" failures="0" tests="12" name="com.saucedemo.tests.ProductTests" time="191.769" errors="0" timestamp="2025-11-18T17:17:43 IST" skipped="0">
  <testcase classname="com.saucedemo.tests.ProductTests" name="verifyProductListingAfterLogin" time="13.879"/>
  <testcase classname="com.saucedemo.tests.ProductTests" name="verifyProductListingAfterLogin" time="37.310"/>
  <testcase classname="com.saucedemo.tests.ProductTests" name="verifyAddToCart" time="7.952"/>
  <testcase classname="com.saucedemo.tests.ProductTests" name="verifyAddToCart" time="12.625"/>
  <testcase classname="com.saucedemo.tests.ProductTests" name="addMultipleProductToCart" time="20.197"/>
  <testcase classname="com.saucedemo.tests.ProductTests" name="addMultipleProductToCart" time="9.030"/>
  <testcase classname="com.saucedemo.tests.ProductTests" name="removeProductFromCart" time="15.756"/>
  <testcase classname="com.saucedemo.tests.ProductTests" name="removeProductFromCart" time="30.801"/>
  <testcase classname="com.saucedemo.tests.ProductTests" name="viewProductDetails" time="26.619"/>
  <testcase classname="com.saucedemo.tests.ProductTests" name="viewProductDetails" time="12.403"/>
  <testcase classname="com.saucedemo.tests.ProductTests" name="navigateBackFromProductDetails" time="1.170"/>
  <testcase classname="com.saucedemo.tests.ProductTests" name="navigateBackFromProductDetails" time="4.027"/>
</testsuite> <!-- com.saucedemo.tests.ProductTests -->
