<?xml version="1.0" encoding="UTF-8"?>
<!-- Generated by org.testng.reporters.JUnitReportReporter -->
<testsuite hostname="LAPTOP-74A5F175" failures="0" tests="10" name="com.saucedemo.tests.LoginTests" time="69.629" errors="0" timestamp="2025-12-01T19:49:58 IST" skipped="0">
  <testcase classname="com.saucedemo.tests.LoginTests" name="verifyLoginWithValidCredentials" time="1.445"/>
  <testcase classname="com.saucedemo.tests.LoginTests" name="verifyLoginWithValidCredentials" time="21.153"/>
  <testcase classname="com.saucedemo.tests.LoginTests" name="verifyLoginWithInvalidCredentials" time="15.973"/>
  <testcase classname="com.saucedemo.tests.LoginTests" name="verifyLoginWithInvalidCredentials" time="0.725"/>
  <testcase classname="com.saucedemo.tests.LoginTests" name="verifyLoginWithEmptyUsername" time="8.547"/>
  <testcase classname="com.saucedemo.tests.LoginTests" name="verifyLoginWithEmptyUsername" time="11.652"/>
  <testcase classname="com.saucedemo.tests.LoginTests" name="verifyLoginWithEmptyPassword" time="0.429"/>
  <testcase classname="com.saucedemo.tests.LoginTests" name="verifyLoginWithEmptyPassword" time="1.358"/>
  <testcase classname="com.saucedemo.tests.LoginTests" name="verifyLoginWithBothFieldsEmpty" time="7.763"/>
  <testcase classname="com.saucedemo.tests.LoginTests" name="verifyLoginWithBothFieldsEmpty" time="0.584"/>
</testsuite> <!-- com.saucedemo.tests.LoginTests -->
