<?xml version="1.0" encoding="UTF-8"?>
<!-- Generated by org.testng.reporters.JUnitReportReporter -->
<testsuite hostname="LAPTOP-74A5F175" failures="0" tests="6" name="com.saucedemo.tests.CartTests" time="84.647" errors="0" timestamp="2025-12-01T19:49:58 IST" skipped="0">
  <testcase classname="com.saucedemo.tests.CartTests" name="verifyCartItems" time="18.218"/>
  <testcase classname="com.saucedemo.tests.CartTests" name="verifyCartItems" time="28.301"/>
  <testcase classname="com.saucedemo.tests.CartTests" name="removeItemFromCartPage" time="16.313"/>
  <testcase classname="com.saucedemo.tests.CartTests" name="removeItemFromCartPage" time="11.374"/>
  <testcase classname="com.saucedemo.tests.CartTests" name="continueShoppingFromCart" time="8.888"/>
  <testcase classname="com.saucedemo.tests.CartTests" name="continueShoppingFromCart" time="1.553"/>
</testsuite> <!-- com.saucedemo.tests.CartTests -->
