<?xml version="1.0" encoding="UTF-8"?>
<testng-results ignored="0" total="40" passed="40" failed="0" skipped="0">
  <reporter-output>
  </reporter-output>
  <suite started-at="2025-12-01T19:48:12 IST" name="SauceDemo Suite" finished-at="2025-12-01T19:49:57 IST" duration-ms="105154">
    <groups>
    </groups>
    <test started-at="2025-12-01T19:48:12 IST" name="ChromeTests" finished-at="2025-12-01T19:49:51 IST" duration-ms="99219">
      <class name="com.saucedemo.tests.CartTests">
        <test-method is-config="true" signature="setUp(java.lang.String)[pri:0, instance:com.saucedemo.tests.CartTests@3d9f6567]" started-at="2025-12-01T19:48:12 IST" name="setUp" finished-at="2025-12-01T19:48:20 IST" duration-ms="8083" status="PASS">
          <params>
            <param index="0">
              <value>
                <![CDATA[chrome]]>
              </value>
            </param>
          </params>
          <reporter-output>
          </reporter-output>
        </test-method> <!-- setUp -->
        <test-method is-config="true" signature="getAppUrl()[pri:0, instance:com.saucedemo.tests.CartTests@3d9f6567]" started-at="2025-12-01T19:48:20 IST" name="getAppUrl" finished-at="2025-12-01T19:48:25 IST" duration-ms="5274" status="PASS">
          <reporter-output>
          </reporter-output>
        </test-method> <!-- getAppUrl -->
        <test-method signature="verifyCartItems()[pri:1, instance:com.saucedemo.tests.CartTests@3d9f6567]" started-at="2025-12-01T19:48:25 IST" name="verifyCartItems" finished-at="2025-12-01T19:48:46 IST" duration-ms="20788" status="PASS">
          <reporter-output>
          </reporter-output>
        </test-method> <!-- verifyCartItems -->
        <test-method is-config="true" signature="clearCookies()[pri:0, instance:com.saucedemo.tests.CartTests@3d9f6567]" started-at="2025-12-01T19:48:46 IST" name="clearCookies" finished-at="2025-12-01T19:48:47 IST" duration-ms="1155" status="PASS">
          <reporter-output>
          </reporter-output>
        </test-method> <!-- clearCookies -->
        <test-method is-config="true" signature="getAppUrl()[pri:0, instance:com.saucedemo.tests.CartTests@3d9f6567]" started-at="2025-12-01T19:48:47 IST" name="getAppUrl" finished-at="2025-12-01T19:48:50 IST" duration-ms="3137" status="PASS">
          <reporter-output>
          </reporter-output>
        </test-method> <!-- getAppUrl -->
        <test-method signature="removeItemFromCartPage()[pri:2, instance:com.saucedemo.tests.CartTests@3d9f6567]" started-at="2025-12-01T19:48:50 IST" name="removeItemFromCartPage" finished-at="2025-12-01T19:49:05 IST" duration-ms="14745" status="PASS">
          <reporter-output>
          </reporter-output>
        </test-method> <!-- removeItemFromCartPage -->
        <test-method is-config="true" signature="clearCookies()[pri:0, instance:com.saucedemo.tests.CartTests@3d9f6567]" started-at="2025-12-01T19:49:05 IST" name="clearCookies" finished-at="2025-12-01T19:49:07 IST" duration-ms="2239" status="PASS">
          <reporter-output>
          </reporter-output>
        </test-method> <!-- clearCookies -->
        <test-method is-config="true" signature="getAppUrl()[pri:0, instance:com.saucedemo.tests.CartTests@3d9f6567]" started-at="2025-12-01T19:49:07 IST" name="getAppUrl" finished-at="2025-12-01T19:49:08 IST" duration-ms="413" status="PASS">
          <reporter-output>
          </reporter-output>
        </test-method> <!-- getAppUrl -->
        <test-method signature="continueShoppingFromCart()[pri:3, instance:com.saucedemo.tests.CartTests@3d9f6567]" started-at="2025-12-01T19:49:08 IST" name="continueShoppingFromCart" finished-at="2025-12-01T19:49:13 IST" duration-ms="5667" status="PASS">
          <reporter-output>
          </reporter-output>
        </test-method> <!-- continueShoppingFromCart -->
        <test-method is-config="true" signature="clearCookies()[pri:0, instance:com.saucedemo.tests.CartTests@3d9f6567]" started-at="2025-12-01T19:49:13 IST" name="clearCookies" finished-at="2025-12-01T19:49:13 IST" duration-ms="84" status="PASS">
          <reporter-output>
          </reporter-output>
        </test-method> <!-- clearCookies -->
        <test-method is-config="true" signature="tearDown()[pri:0, instance:com.saucedemo.tests.CartTests@3d9f6567]" started-at="2025-12-01T19:49:13 IST" name="tearDown" finished-at="2025-12-01T19:49:49 IST" duration-ms="35771" status="PASS">
          <reporter-output>
          </reporter-output>
        </test-method> <!-- tearDown -->
      </class> <!-- com.saucedemo.tests.CartTests -->
      <class name="com.saucedemo.tests.LoginTests">
        <test-method is-config="true" signature="setUp(java.lang.String)[pri:0, instance:com.saucedemo.tests.LoginTests@2101b44a]" started-at="2025-12-01T19:48:12 IST" name="setUp" finished-at="2025-12-01T19:48:20 IST" duration-ms="8090" status="PASS">
          <params>
            <param index="0">
              <value>
                <![CDATA[chrome]]>
              </value>
            </param>
          </params>
          <reporter-output>
          </reporter-output>
        </test-method> <!-- setUp -->
        <test-method is-config="true" signature="getAppUrl()[pri:0, instance:com.saucedemo.tests.LoginTests@2101b44a]" started-at="2025-12-01T19:48:20 IST" name="getAppUrl" finished-at="2025-12-01T19:48:25 IST" duration-ms="5352" status="PASS">
          <reporter-output>
          </reporter-output>
        </test-method> <!-- getAppUrl -->
        <test-method signature="verifyLoginWithValidCredentials()[pri:1, instance:com.saucedemo.tests.LoginTests@2101b44a]" started-at="2025-12-01T19:48:25 IST" name="verifyLoginWithValidCredentials" finished-at="2025-12-01T19:48:43 IST" duration-ms="18048" status="PASS">
          <reporter-output>
          </reporter-output>
        </test-method> <!-- verifyLoginWithValidCredentials -->
        <test-method is-config="true" signature="clearCookies()[pri:0, instance:com.saucedemo.tests.LoginTests@2101b44a]" started-at="2025-12-01T19:48:44 IST" name="clearCookies" finished-at="2025-12-01T19:48:47 IST" duration-ms="3575" status="PASS">
          <reporter-output>
          </reporter-output>
        </test-method> <!-- clearCookies -->
        <test-method is-config="true" signature="getAppUrl()[pri:0, instance:com.saucedemo.tests.LoginTests@2101b44a]" started-at="2025-12-01T19:48:47 IST" name="getAppUrl" finished-at="2025-12-01T19:48:50 IST" duration-ms="3041" status="PASS">
          <reporter-output>
          </reporter-output>
        </test-method> <!-- getAppUrl -->
        <test-method signature="verifyLoginWithInvalidCredentials()[pri:2, instance:com.saucedemo.tests.LoginTests@2101b44a]" started-at="2025-12-01T19:48:50 IST" name="verifyLoginWithInvalidCredentials" finished-at="2025-12-01T19:49:06 IST" duration-ms="15815" status="PASS">
          <reporter-output>
          </reporter-output>
        </test-method> <!-- verifyLoginWithInvalidCredentials -->
        <test-method is-config="true" signature="clearCookies()[pri:0, instance:com.saucedemo.tests.LoginTests@2101b44a]" started-at="2025-12-01T19:49:06 IST" name="clearCookies" finished-at="2025-12-01T19:49:07 IST" duration-ms="1212" status="PASS">
          <reporter-output>
          </reporter-output>
        </test-method> <!-- clearCookies -->
        <test-method is-config="true" signature="getAppUrl()[pri:0, instance:com.saucedemo.tests.LoginTests@2101b44a]" started-at="2025-12-01T19:49:07 IST" name="getAppUrl" finished-at="2025-12-01T19:49:08 IST" duration-ms="283" status="PASS">
          <reporter-output>
          </reporter-output>
        </test-method> <!-- getAppUrl -->
        <test-method signature="verifyLoginWithEmptyUsername()[pri:3, instance:com.saucedemo.tests.LoginTests@2101b44a]" started-at="2025-12-01T19:49:08 IST" name="verifyLoginWithEmptyUsername" finished-at="2025-12-01T19:49:13 IST" duration-ms="4868" status="PASS">
          <reporter-output>
          </reporter-output>
        </test-method> <!-- verifyLoginWithEmptyUsername -->
        <test-method is-config="true" signature="clearCookies()[pri:0, instance:com.saucedemo.tests.LoginTests@2101b44a]" started-at="2025-12-01T19:49:13 IST" name="clearCookies" finished-at="2025-12-01T19:49:13 IST" duration-ms="123" status="PASS">
          <reporter-output>
          </reporter-output>
        </test-method> <!-- clearCookies -->
        <test-method is-config="true" signature="getAppUrl()[pri:0, instance:com.saucedemo.tests.LoginTests@2101b44a]" started-at="2025-12-01T19:49:13 IST" name="getAppUrl" finished-at="2025-12-01T19:49:13 IST" duration-ms="104" status="PASS">
          <reporter-output>
          </reporter-output>
        </test-method> <!-- getAppUrl -->
        <test-method signature="verifyLoginWithEmptyPassword()[pri:4, instance:com.saucedemo.tests.LoginTests@2101b44a]" started-at="2025-12-01T19:49:13 IST" name="verifyLoginWithEmptyPassword" finished-at="2025-12-01T19:49:14 IST" duration-ms="1046" status="PASS">
          <reporter-output>
          </reporter-output>
        </test-method> <!-- verifyLoginWithEmptyPassword -->
        <test-method is-config="true" signature="clearCookies()[pri:0, instance:com.saucedemo.tests.LoginTests@2101b44a]" started-at="2025-12-01T19:49:14 IST" name="clearCookies" finished-at="2025-12-01T19:49:14 IST" duration-ms="29" status="PASS">
          <reporter-output>
          </reporter-output>
        </test-method> <!-- clearCookies -->
        <test-method is-config="true" signature="getAppUrl()[pri:0, instance:com.saucedemo.tests.LoginTests@2101b44a]" started-at="2025-12-01T19:49:14 IST" name="getAppUrl" finished-at="2025-12-01T19:49:14 IST" duration-ms="35" status="PASS">
          <reporter-output>
          </reporter-output>
        </test-method> <!-- getAppUrl -->
        <test-method signature="verifyLoginWithBothFieldsEmpty()[pri:5, instance:com.saucedemo.tests.LoginTests@2101b44a]" started-at="2025-12-01T19:49:14 IST" name="verifyLoginWithBothFieldsEmpty" finished-at="2025-12-01T19:49:15 IST" duration-ms="1199" status="PASS">
          <reporter-output>
          </reporter-output>
        </test-method> <!-- verifyLoginWithBothFieldsEmpty -->
        <test-method is-config="true" signature="clearCookies()[pri:0, instance:com.saucedemo.tests.LoginTests@2101b44a]" started-at="2025-12-01T19:49:15 IST" name="clearCookies" finished-at="2025-12-01T19:49:15 IST" duration-ms="64" status="PASS">
          <reporter-output>
          </reporter-output>
        </test-method> <!-- clearCookies -->
        <test-method is-config="true" signature="tearDown()[pri:0, instance:com.saucedemo.tests.LoginTests@2101b44a]" started-at="2025-12-01T19:49:15 IST" name="tearDown" finished-at="2025-12-01T19:49:49 IST" duration-ms="34163" status="PASS">
          <reporter-output>
          </reporter-output>
        </test-method> <!-- tearDown -->
      </class> <!-- com.saucedemo.tests.LoginTests -->
      <class name="com.saucedemo.tests.LogoutTest">
        <test-method is-config="true" signature="setUp(java.lang.String)[pri:0, instance:com.saucedemo.tests.LogoutTest@25e2ab5a]" started-at="2025-12-01T19:48:12 IST" name="setUp" finished-at="2025-12-01T19:48:20 IST" duration-ms="8089" status="PASS">
          <params>
            <param index="0">
              <value>
                <![CDATA[chrome]]>
              </value>
            </param>
          </params>
          <reporter-output>
          </reporter-output>
        </test-method> <!-- setUp -->
        <test-method is-config="true" signature="getAppUrl()[pri:0, instance:com.saucedemo.tests.LogoutTest@25e2ab5a]" started-at="2025-12-01T19:48:20 IST" name="getAppUrl" finished-at="2025-12-01T19:48:25 IST" duration-ms="5390" status="PASS">
          <reporter-output>
          </reporter-output>
        </test-method> <!-- getAppUrl -->
        <test-method signature="verifyLogout()[pri:20, instance:com.saucedemo.tests.LogoutTest@25e2ab5a]" started-at="2025-12-01T19:48:25 IST" name="verifyLogout" finished-at="2025-12-01T19:48:48 IST" duration-ms="22479" status="PASS">
          <reporter-output>
          </reporter-output>
        </test-method> <!-- verifyLogout -->
        <test-method is-config="true" signature="clearCookies()[pri:0, instance:com.saucedemo.tests.LogoutTest@25e2ab5a]" started-at="2025-12-01T19:48:48 IST" name="clearCookies" finished-at="2025-12-01T19:48:48 IST" duration-ms="38" status="PASS">
          <reporter-output>
          </reporter-output>
        </test-method> <!-- clearCookies -->
        <test-method is-config="true" signature="tearDown()[pri:0, instance:com.saucedemo.tests.LogoutTest@25e2ab5a]" started-at="2025-12-01T19:48:48 IST" name="tearDown" finished-at="2025-12-01T19:49:29 IST" duration-ms="41469" status="PASS">
          <reporter-output>
          </reporter-output>
        </test-method> <!-- tearDown -->
      </class> <!-- com.saucedemo.tests.LogoutTest -->
      <class name="com.saucedemo.tests.CheckoutTests">
        <test-method is-config="true" signature="setUp(java.lang.String)[pri:0, instance:com.saucedemo.tests.CheckoutTests@c055c54]" started-at="2025-12-01T19:48:12 IST" name="setUp" finished-at="2025-12-01T19:48:20 IST" duration-ms="8081" status="PASS">
          <params>
            <param index="0">
              <value>
                <![CDATA[chrome]]>
              </value>
            </param>
          </params>
          <reporter-output>
          </reporter-output>
        </test-method> <!-- setUp -->
        <test-method is-config="true" signature="getAppUrl()[pri:0, instance:com.saucedemo.tests.CheckoutTests@c055c54]" started-at="2025-12-01T19:48:20 IST" name="getAppUrl" finished-at="2025-12-01T19:48:25 IST" duration-ms="4904" status="PASS">
          <reporter-output>
          </reporter-output>
        </test-method> <!-- getAppUrl -->
        <test-method signature="verifyCheckoutWithValidDetails()[pri:1, instance:com.saucedemo.tests.CheckoutTests@c055c54]" started-at="2025-12-01T19:48:25 IST" name="verifyCheckoutWithValidDetails" finished-at="2025-12-01T19:48:52 IST" duration-ms="27699" status="PASS">
          <reporter-output>
          </reporter-output>
        </test-method> <!-- verifyCheckoutWithValidDetails -->
        <test-method is-config="true" signature="clearCookies()[pri:0, instance:com.saucedemo.tests.CheckoutTests@c055c54]" started-at="2025-12-01T19:48:52 IST" name="clearCookies" finished-at="2025-12-01T19:48:53 IST" duration-ms="30" status="PASS">
          <reporter-output>
          </reporter-output>
        </test-method> <!-- clearCookies -->
        <test-method is-config="true" signature="getAppUrl()[pri:0, instance:com.saucedemo.tests.CheckoutTests@c055c54]" started-at="2025-12-01T19:48:53 IST" name="getAppUrl" finished-at="2025-12-01T19:48:56 IST" duration-ms="3790" status="PASS">
          <reporter-output>
          </reporter-output>
        </test-method> <!-- getAppUrl -->
        <test-method signature="verifyCheckoutWithMissingFirstname()[pri:2, instance:com.saucedemo.tests.CheckoutTests@c055c54]" started-at="2025-12-01T19:48:56 IST" name="verifyCheckoutWithMissingFirstname" finished-at="2025-12-01T19:48:59 IST" duration-ms="3033" status="PASS">
          <reporter-output>
          </reporter-output>
        </test-method> <!-- verifyCheckoutWithMissingFirstname -->
        <test-method is-config="true" signature="clearCookies()[pri:0, instance:com.saucedemo.tests.CheckoutTests@c055c54]" started-at="2025-12-01T19:48:59 IST" name="clearCookies" finished-at="2025-12-01T19:48:59 IST" duration-ms="20" status="PASS">
          <reporter-output>
          </reporter-output>
        </test-method> <!-- clearCookies -->
        <test-method is-config="true" signature="getAppUrl()[pri:0, instance:com.saucedemo.tests.CheckoutTests@c055c54]" started-at="2025-12-01T19:48:59 IST" name="getAppUrl" finished-at="2025-12-01T19:49:05 IST" duration-ms="6064" status="PASS">
          <reporter-output>
          </reporter-output>
        </test-method> <!-- getAppUrl -->
        <test-method signature="verifyCheckoutWithMissingZipcode()[pri:3, instance:com.saucedemo.tests.CheckoutTests@c055c54]" started-at="2025-12-01T19:49:05 IST" name="verifyCheckoutWithMissingZipcode" finished-at="2025-12-01T19:49:15 IST" duration-ms="9488" status="PASS">
          <reporter-output>
          </reporter-output>
        </test-method> <!-- verifyCheckoutWithMissingZipcode -->
        <test-method is-config="true" signature="clearCookies()[pri:0, instance:com.saucedemo.tests.CheckoutTests@c055c54]" started-at="2025-12-01T19:49:15 IST" name="clearCookies" finished-at="2025-12-01T19:49:15 IST" duration-ms="40" status="PASS">
          <reporter-output>
          </reporter-output>
        </test-method> <!-- clearCookies -->
        <test-method is-config="true" signature="getAppUrl()[pri:0, instance:com.saucedemo.tests.CheckoutTests@c055c54]" started-at="2025-12-01T19:49:15 IST" name="getAppUrl" finished-at="2025-12-01T19:49:15 IST" duration-ms="124" status="PASS">
          <reporter-output>
          </reporter-output>
        </test-method> <!-- getAppUrl -->
        <test-method signature="verifyCancelCheckoutFromInfoPage()[pri:4, instance:com.saucedemo.tests.CheckoutTests@c055c54]" started-at="2025-12-01T19:49:15 IST" name="verifyCancelCheckoutFromInfoPage" finished-at="2025-12-01T19:49:20 IST" duration-ms="4770" status="PASS">
          <reporter-output>
          </reporter-output>
        </test-method> <!-- verifyCancelCheckoutFromInfoPage -->
        <test-method is-config="true" signature="clearCookies()[pri:0, instance:com.saucedemo.tests.CheckoutTests@c055c54]" started-at="2025-12-01T19:49:20 IST" name="clearCookies" finished-at="2025-12-01T19:49:20 IST" duration-ms="156" status="PASS">
          <reporter-output>
          </reporter-output>
        </test-method> <!-- clearCookies -->
        <test-method is-config="true" signature="getAppUrl()[pri:0, instance:com.saucedemo.tests.CheckoutTests@c055c54]" started-at="2025-12-01T19:49:20 IST" name="getAppUrl" finished-at="2025-12-01T19:49:20 IST" duration-ms="285" status="PASS">
          <reporter-output>
          </reporter-output>
        </test-method> <!-- getAppUrl -->
        <test-method signature="verifyCompletePurchase()[pri:5, instance:com.saucedemo.tests.CheckoutTests@c055c54]" started-at="2025-12-01T19:49:20 IST" name="verifyCompletePurchase" finished-at="2025-12-01T19:49:28 IST" duration-ms="7896" status="PASS">
          <reporter-output>
          </reporter-output>
        </test-method> <!-- verifyCompletePurchase -->
        <test-method is-config="true" signature="clearCookies()[pri:0, instance:com.saucedemo.tests.CheckoutTests@c055c54]" started-at="2025-12-01T19:49:28 IST" name="clearCookies" finished-at="2025-12-01T19:49:28 IST" duration-ms="225" status="PASS">
          <reporter-output>
          </reporter-output>
        </test-method> <!-- clearCookies -->
        <test-method is-config="true" signature="tearDown()[pri:0, instance:com.saucedemo.tests.CheckoutTests@c055c54]" started-at="2025-12-01T19:49:28 IST" name="tearDown" finished-at="2025-12-01T19:49:51 IST" duration-ms="22169" status="PASS">
          <reporter-output>
          </reporter-output>
        </test-method> <!-- tearDown -->
      </class> <!-- com.saucedemo.tests.CheckoutTests -->
      <class name="com.saucedemo.tests.ProductTests">
        <test-method is-config="true" signature="setUp(java.lang.String)[pri:0, instance:com.saucedemo.tests.ProductTests@119020fb]" started-at="2025-12-01T19:48:12 IST" name="setUp" finished-at="2025-12-01T19:48:20 IST" duration-ms="8107" status="PASS">
          <params>
            <param index="0">
              <value>
                <![CDATA[chrome]]>
              </value>
            </param>
          </params>
          <reporter-output>
          </reporter-output>
        </test-method> <!-- setUp -->
        <test-method is-config="true" signature="getAppUrl()[pri:0, instance:com.saucedemo.tests.ProductTests@119020fb]" started-at="2025-12-01T19:48:20 IST" name="getAppUrl" finished-at="2025-12-01T19:48:26 IST" duration-ms="5823" status="PASS">
          <reporter-output>
          </reporter-output>
        </test-method> <!-- getAppUrl -->
        <test-method signature="verifyProductListingAfterLogin()[pri:1, instance:com.saucedemo.tests.ProductTests@119020fb]" started-at="2025-12-01T19:48:26 IST" name="verifyProductListingAfterLogin" finished-at="2025-12-01T19:48:45 IST" duration-ms="18800" status="PASS">
          <reporter-output>
          </reporter-output>
        </test-method> <!-- verifyProductListingAfterLogin -->
        <test-method is-config="true" signature="clearCookies()[pri:0, instance:com.saucedemo.tests.ProductTests@119020fb]" started-at="2025-12-01T19:48:45 IST" name="clearCookies" finished-at="2025-12-01T19:48:47 IST" duration-ms="2595" status="PASS">
          <reporter-output>
          </reporter-output>
        </test-method> <!-- clearCookies -->
        <test-method is-config="true" signature="getAppUrl()[pri:0, instance:com.saucedemo.tests.ProductTests@119020fb]" started-at="2025-12-01T19:48:47 IST" name="getAppUrl" finished-at="2025-12-01T19:48:50 IST" duration-ms="3124" status="PASS">
          <reporter-output>
          </reporter-output>
        </test-method> <!-- getAppUrl -->
        <test-method signature="verifyAddToCart()[pri:2, instance:com.saucedemo.tests.ProductTests@119020fb]" started-at="2025-12-01T19:48:50 IST" name="verifyAddToCart" finished-at="2025-12-01T19:48:54 IST" duration-ms="4018" status="PASS">
          <reporter-output>
          </reporter-output>
        </test-method> <!-- verifyAddToCart -->
        <test-method is-config="true" signature="clearCookies()[pri:0, instance:com.saucedemo.tests.ProductTests@119020fb]" started-at="2025-12-01T19:48:54 IST" name="clearCookies" finished-at="2025-12-01T19:48:54 IST" duration-ms="32" status="PASS">
          <reporter-output>
          </reporter-output>
        </test-method> <!-- clearCookies -->
        <test-method is-config="true" signature="getAppUrl()[pri:0, instance:com.saucedemo.tests.ProductTests@119020fb]" started-at="2025-12-01T19:48:54 IST" name="getAppUrl" finished-at="2025-12-01T19:48:56 IST" duration-ms="2025" status="PASS">
          <reporter-output>
          </reporter-output>
        </test-method> <!-- getAppUrl -->
        <test-method signature="addMultipleProductToCart()[pri:3, instance:com.saucedemo.tests.ProductTests@119020fb]" started-at="2025-12-01T19:48:56 IST" name="addMultipleProductToCart" finished-at="2025-12-01T19:49:04 IST" duration-ms="7985" status="PASS">
          <reporter-output>
          </reporter-output>
        </test-method> <!-- addMultipleProductToCart -->
        <test-method is-config="true" signature="clearCookies()[pri:0, instance:com.saucedemo.tests.ProductTests@119020fb]" started-at="2025-12-01T19:49:04 IST" name="clearCookies" finished-at="2025-12-01T19:49:07 IST" duration-ms="2672" status="PASS">
          <reporter-output>
          </reporter-output>
        </test-method> <!-- clearCookies -->
        <test-method is-config="true" signature="getAppUrl()[pri:0, instance:com.saucedemo.tests.ProductTests@119020fb]" started-at="2025-12-01T19:49:07 IST" name="getAppUrl" finished-at="2025-12-01T19:49:07 IST" duration-ms="262" status="PASS">
          <reporter-output>
          </reporter-output>
        </test-method> <!-- getAppUrl -->
        <test-method signature="removeProductFromCart()[pri:4, instance:com.saucedemo.tests.ProductTests@119020fb]" started-at="2025-12-01T19:49:07 IST" name="removeProductFromCart" finished-at="2025-12-01T19:49:23 IST" duration-ms="16103" status="PASS">
          <reporter-output>
          </reporter-output>
        </test-method> <!-- removeProductFromCart -->
        <test-method is-config="true" signature="clearCookies()[pri:0, instance:com.saucedemo.tests.ProductTests@119020fb]" started-at="2025-12-01T19:49:23 IST" name="clearCookies" finished-at="2025-12-01T19:49:24 IST" duration-ms="67" status="PASS">
          <reporter-output>
          </reporter-output>
        </test-method> <!-- clearCookies -->
        <test-method is-config="true" signature="getAppUrl()[pri:0, instance:com.saucedemo.tests.ProductTests@119020fb]" started-at="2025-12-01T19:49:24 IST" name="getAppUrl" finished-at="2025-12-01T19:49:24 IST" duration-ms="39" status="PASS">
          <reporter-output>
          </reporter-output>
        </test-method> <!-- getAppUrl -->
        <test-method signature="viewProductDetails()[pri:5, instance:com.saucedemo.tests.ProductTests@119020fb]" started-at="2025-12-01T19:49:24 IST" name="viewProductDetails" finished-at="2025-12-01T19:49:38 IST" duration-ms="14759" status="PASS">
          <reporter-output>
          </reporter-output>
        </test-method> <!-- viewProductDetails -->
        <test-method is-config="true" signature="clearCookies()[pri:0, instance:com.saucedemo.tests.ProductTests@119020fb]" started-at="2025-12-01T19:49:38 IST" name="clearCookies" finished-at="2025-12-01T19:49:39 IST" duration-ms="207" status="PASS">
          <reporter-output>
          </reporter-output>
        </test-method> <!-- clearCookies -->
        <test-method is-config="true" signature="getAppUrl()[pri:0, instance:com.saucedemo.tests.ProductTests@119020fb]" started-at="2025-12-01T19:49:39 IST" name="getAppUrl" finished-at="2025-12-01T19:49:39 IST" duration-ms="139" status="PASS">
          <reporter-output>
          </reporter-output>
        </test-method> <!-- getAppUrl -->
        <test-method signature="navigateBackFromProductDetails()[pri:6, instance:com.saucedemo.tests.ProductTests@119020fb]" started-at="2025-12-01T19:49:39 IST" name="navigateBackFromProductDetails" finished-at="2025-12-01T19:49:40 IST" duration-ms="1623" status="PASS">
          <reporter-output>
          </reporter-output>
        </test-method> <!-- navigateBackFromProductDetails -->
        <test-method is-config="true" signature="clearCookies()[pri:0, instance:com.saucedemo.tests.ProductTests@119020fb]" started-at="2025-12-01T19:49:40 IST" name="clearCookies" finished-at="2025-12-01T19:49:40 IST" duration-ms="39" status="PASS">
          <reporter-output>
          </reporter-output>
        </test-method> <!-- clearCookies -->
        <test-method is-config="true" signature="tearDown()[pri:0, instance:com.saucedemo.tests.ProductTests@119020fb]" started-at="2025-12-01T19:49:40 IST" name="tearDown" finished-at="2025-12-01T19:49:51 IST" duration-ms="10598" status="PASS">
          <reporter-output>
          </reporter-output>
        </test-method> <!-- tearDown -->
      </class> <!-- com.saucedemo.tests.ProductTests -->
    </test> <!-- ChromeTests -->
    <test started-at="2025-12-01T19:48:12 IST" name="FirefoxTests" finished-at="2025-12-01T19:49:57 IST" duration-ms="105154">
      <class name="com.saucedemo.tests.CartTests">
        <test-method is-config="true" signature="setUp(java.lang.String)[pri:0, instance:com.saucedemo.tests.CartTests@14dda234]" started-at="2025-12-01T19:48:12 IST" name="setUp" finished-at="2025-12-01T19:49:10 IST" duration-ms="58220" status="PASS">
          <params>
            <param index="0">
              <value>
                <![CDATA[firefox]]>
              </value>
            </param>
          </params>
          <reporter-output>
          </reporter-output>
        </test-method> <!-- setUp -->
        <test-method is-config="true" signature="getAppUrl()[pri:0, instance:com.saucedemo.tests.CartTests@14dda234]" started-at="2025-12-01T19:49:10 IST" name="getAppUrl" finished-at="2025-12-01T19:49:25 IST" duration-ms="14791" status="PASS">
          <reporter-output>
          </reporter-output>
        </test-method> <!-- getAppUrl -->
        <test-method signature="verifyCartItems()[pri:1, instance:com.saucedemo.tests.CartTests@14dda234]" started-at="2025-12-01T19:49:25 IST" name="verifyCartItems" finished-at="2025-12-01T19:49:28 IST" duration-ms="3394" status="PASS">
          <reporter-output>
          </reporter-output>
        </test-method> <!-- verifyCartItems -->
        <test-method is-config="true" signature="clearCookies()[pri:0, instance:com.saucedemo.tests.CartTests@14dda234]" started-at="2025-12-01T19:49:28 IST" name="clearCookies" finished-at="2025-12-01T19:49:28 IST" duration-ms="50" status="PASS">
          <reporter-output>
          </reporter-output>
        </test-method> <!-- clearCookies -->
        <test-method is-config="true" signature="getAppUrl()[pri:0, instance:com.saucedemo.tests.CartTests@14dda234]" started-at="2025-12-01T19:49:28 IST" name="getAppUrl" finished-at="2025-12-01T19:49:29 IST" duration-ms="1053" status="PASS">
          <reporter-output>
          </reporter-output>
        </test-method> <!-- getAppUrl -->
        <test-method signature="removeItemFromCartPage()[pri:2, instance:com.saucedemo.tests.CartTests@14dda234]" started-at="2025-12-01T19:49:29 IST" name="removeItemFromCartPage" finished-at="2025-12-01T19:49:40 IST" duration-ms="11134" status="PASS">
          <reporter-output>
          </reporter-output>
        </test-method> <!-- removeItemFromCartPage -->
        <test-method is-config="true" signature="clearCookies()[pri:0, instance:com.saucedemo.tests.CartTests@14dda234]" started-at="2025-12-01T19:49:40 IST" name="clearCookies" finished-at="2025-12-01T19:49:40 IST" duration-ms="21" status="PASS">
          <reporter-output>
          </reporter-output>
        </test-method> <!-- clearCookies -->
        <test-method is-config="true" signature="getAppUrl()[pri:0, instance:com.saucedemo.tests.CartTests@14dda234]" started-at="2025-12-01T19:49:40 IST" name="getAppUrl" finished-at="2025-12-01T19:49:41 IST" duration-ms="190" status="PASS">
          <reporter-output>
          </reporter-output>
        </test-method> <!-- getAppUrl -->
        <test-method signature="continueShoppingFromCart()[pri:3, instance:com.saucedemo.tests.CartTests@14dda234]" started-at="2025-12-01T19:49:41 IST" name="continueShoppingFromCart" finished-at="2025-12-01T19:49:41 IST" duration-ms="479" status="PASS">
          <reporter-output>
          </reporter-output>
        </test-method> <!-- continueShoppingFromCart -->
        <test-method is-config="true" signature="clearCookies()[pri:0, instance:com.saucedemo.tests.CartTests@14dda234]" started-at="2025-12-01T19:49:41 IST" name="clearCookies" finished-at="2025-12-01T19:49:41 IST" duration-ms="33" status="PASS">
          <reporter-output>
          </reporter-output>
        </test-method> <!-- clearCookies -->
        <test-method is-config="true" signature="tearDown()[pri:0, instance:com.saucedemo.tests.CartTests@14dda234]" started-at="2025-12-01T19:49:41 IST" name="tearDown" finished-at="2025-12-01T19:49:50 IST" duration-ms="8436" status="PASS">
          <reporter-output>
          </reporter-output>
        </test-method> <!-- tearDown -->
      </class> <!-- com.saucedemo.tests.CartTests -->
      <class name="com.saucedemo.tests.LoginTests">
        <test-method is-config="true" signature="setUp(java.lang.String)[pri:0, instance:com.saucedemo.tests.LoginTests@5553d0f5]" started-at="2025-12-01T19:48:12 IST" name="setUp" finished-at="2025-12-01T19:49:06 IST" duration-ms="54133" status="PASS">
          <params>
            <param index="0">
              <value>
                <![CDATA[firefox]]>
              </value>
            </param>
          </params>
          <reporter-output>
          </reporter-output>
        </test-method> <!-- setUp -->
        <test-method is-config="true" signature="getAppUrl()[pri:0, instance:com.saucedemo.tests.LoginTests@5553d0f5]" started-at="2025-12-01T19:49:06 IST" name="getAppUrl" finished-at="2025-12-01T19:49:17 IST" duration-ms="11327" status="PASS">
          <reporter-output>
          </reporter-output>
        </test-method> <!-- getAppUrl -->
        <test-method signature="verifyLoginWithValidCredentials()[pri:1, instance:com.saucedemo.tests.LoginTests@5553d0f5]" started-at="2025-12-01T19:49:17 IST" name="verifyLoginWithValidCredentials" finished-at="2025-12-01T19:49:19 IST" duration-ms="1297" status="PASS">
          <reporter-output>
          </reporter-output>
        </test-method> <!-- verifyLoginWithValidCredentials -->
        <test-method is-config="true" signature="clearCookies()[pri:0, instance:com.saucedemo.tests.LoginTests@5553d0f5]" started-at="2025-12-01T19:49:19 IST" name="clearCookies" finished-at="2025-12-01T19:49:19 IST" duration-ms="95" status="PASS">
          <reporter-output>
          </reporter-output>
        </test-method> <!-- clearCookies -->
        <test-method is-config="true" signature="getAppUrl()[pri:0, instance:com.saucedemo.tests.LoginTests@5553d0f5]" started-at="2025-12-01T19:49:19 IST" name="getAppUrl" finished-at="2025-12-01T19:49:19 IST" duration-ms="197" status="PASS">
          <reporter-output>
          </reporter-output>
        </test-method> <!-- getAppUrl -->
        <test-method signature="verifyLoginWithInvalidCredentials()[pri:2, instance:com.saucedemo.tests.LoginTests@5553d0f5]" started-at="2025-12-01T19:49:19 IST" name="verifyLoginWithInvalidCredentials" finished-at="2025-12-01T19:49:19 IST" duration-ms="433" status="PASS">
          <reporter-output>
          </reporter-output>
        </test-method> <!-- verifyLoginWithInvalidCredentials -->
        <test-method is-config="true" signature="clearCookies()[pri:0, instance:com.saucedemo.tests.LoginTests@5553d0f5]" started-at="2025-12-01T19:49:19 IST" name="clearCookies" finished-at="2025-12-01T19:49:19 IST" duration-ms="24" status="PASS">
          <reporter-output>
          </reporter-output>
        </test-method> <!-- clearCookies -->
        <test-method is-config="true" signature="getAppUrl()[pri:0, instance:com.saucedemo.tests.LoginTests@5553d0f5]" started-at="2025-12-01T19:49:19 IST" name="getAppUrl" finished-at="2025-12-01T19:49:20 IST" duration-ms="228" status="PASS">
          <reporter-output>
          </reporter-output>
        </test-method> <!-- getAppUrl -->
        <test-method signature="verifyLoginWithEmptyUsername()[pri:3, instance:com.saucedemo.tests.LoginTests@5553d0f5]" started-at="2025-12-01T19:49:20 IST" name="verifyLoginWithEmptyUsername" finished-at="2025-12-01T19:49:20 IST" duration-ms="290" status="PASS">
          <reporter-output>
          </reporter-output>
        </test-method> <!-- verifyLoginWithEmptyUsername -->
        <test-method is-config="true" signature="clearCookies()[pri:0, instance:com.saucedemo.tests.LoginTests@5553d0f5]" started-at="2025-12-01T19:49:20 IST" name="clearCookies" finished-at="2025-12-01T19:49:20 IST" duration-ms="16" status="PASS">
          <reporter-output>
          </reporter-output>
        </test-method> <!-- clearCookies -->
        <test-method is-config="true" signature="getAppUrl()[pri:0, instance:com.saucedemo.tests.LoginTests@5553d0f5]" started-at="2025-12-01T19:49:20 IST" name="getAppUrl" finished-at="2025-12-01T19:49:20 IST" duration-ms="102" status="PASS">
          <reporter-output>
          </reporter-output>
        </test-method> <!-- getAppUrl -->
        <test-method signature="verifyLoginWithEmptyPassword()[pri:4, instance:com.saucedemo.tests.LoginTests@5553d0f5]" started-at="2025-12-01T19:49:20 IST" name="verifyLoginWithEmptyPassword" finished-at="2025-12-01T19:49:20 IST" duration-ms="303" status="PASS">
          <reporter-output>
          </reporter-output>
        </test-method> <!-- verifyLoginWithEmptyPassword -->
        <test-method is-config="true" signature="clearCookies()[pri:0, instance:com.saucedemo.tests.LoginTests@5553d0f5]" started-at="2025-12-01T19:49:20 IST" name="clearCookies" finished-at="2025-12-01T19:49:20 IST" duration-ms="35" status="PASS">
          <reporter-output>
          </reporter-output>
        </test-method> <!-- clearCookies -->
        <test-method is-config="true" signature="getAppUrl()[pri:0, instance:com.saucedemo.tests.LoginTests@5553d0f5]" started-at="2025-12-01T19:49:20 IST" name="getAppUrl" finished-at="2025-12-01T19:49:20 IST" duration-ms="108" status="PASS">
          <reporter-output>
          </reporter-output>
        </test-method> <!-- getAppUrl -->
        <test-method signature="verifyLoginWithBothFieldsEmpty()[pri:5, instance:com.saucedemo.tests.LoginTests@5553d0f5]" started-at="2025-12-01T19:49:20 IST" name="verifyLoginWithBothFieldsEmpty" finished-at="2025-12-01T19:49:21 IST" duration-ms="340" status="PASS">
          <reporter-output>
          </reporter-output>
        </test-method> <!-- verifyLoginWithBothFieldsEmpty -->
        <test-method is-config="true" signature="clearCookies()[pri:0, instance:com.saucedemo.tests.LoginTests@5553d0f5]" started-at="2025-12-01T19:49:21 IST" name="clearCookies" finished-at="2025-12-01T19:49:21 IST" duration-ms="40" status="PASS">
          <reporter-output>
          </reporter-output>
        </test-method> <!-- clearCookies -->
        <test-method is-config="true" signature="tearDown()[pri:0, instance:com.saucedemo.tests.LoginTests@5553d0f5]" started-at="2025-12-01T19:49:21 IST" name="tearDown" finished-at="2025-12-01T19:49:37 IST" duration-ms="16398" status="PASS">
          <reporter-output>
          </reporter-output>
        </test-method> <!-- tearDown -->
      </class> <!-- com.saucedemo.tests.LoginTests -->
      <class name="com.saucedemo.tests.LogoutTest">
        <test-method is-config="true" signature="setUp(java.lang.String)[pri:0, instance:com.saucedemo.tests.LogoutTest@74a6a609]" started-at="2025-12-01T19:48:12 IST" name="setUp" finished-at="2025-12-01T19:49:07 IST" duration-ms="54961" status="PASS">
          <params>
            <param index="0">
              <value>
                <![CDATA[firefox]]>
              </value>
            </param>
          </params>
          <reporter-output>
          </reporter-output>
        </test-method> <!-- setUp -->
        <test-method is-config="true" signature="getAppUrl()[pri:0, instance:com.saucedemo.tests.LogoutTest@74a6a609]" started-at="2025-12-01T19:49:07 IST" name="getAppUrl" finished-at="2025-12-01T19:49:22 IST" duration-ms="15017" status="PASS">
          <reporter-output>
          </reporter-output>
        </test-method> <!-- getAppUrl -->
        <test-method signature="verifyLogout()[pri:20, instance:com.saucedemo.tests.LogoutTest@74a6a609]" started-at="2025-12-01T19:49:22 IST" name="verifyLogout" finished-at="2025-12-01T19:49:24 IST" duration-ms="2302" status="PASS">
          <reporter-output>
          </reporter-output>
        </test-method> <!-- verifyLogout -->
        <test-method is-config="true" signature="clearCookies()[pri:0, instance:com.saucedemo.tests.LogoutTest@74a6a609]" started-at="2025-12-01T19:49:24 IST" name="clearCookies" finished-at="2025-12-01T19:49:24 IST" duration-ms="19" status="PASS">
          <reporter-output>
          </reporter-output>
        </test-method> <!-- clearCookies -->
        <test-method is-config="true" signature="tearDown()[pri:0, instance:com.saucedemo.tests.LogoutTest@74a6a609]" started-at="2025-12-01T19:49:24 IST" name="tearDown" finished-at="2025-12-01T19:49:37 IST" duration-ms="12922" status="PASS">
          <reporter-output>
          </reporter-output>
        </test-method> <!-- tearDown -->
      </class> <!-- com.saucedemo.tests.LogoutTest -->
      <class name="com.saucedemo.tests.CheckoutTests">
        <test-method is-config="true" signature="setUp(java.lang.String)[pri:0, instance:com.saucedemo.tests.CheckoutTests@3f390d63]" started-at="2025-12-01T19:48:12 IST" name="setUp" finished-at="2025-12-01T19:49:09 IST" duration-ms="56890" status="PASS">
          <params>
            <param index="0">
              <value>
                <![CDATA[firefox]]>
              </value>
            </param>
          </params>
          <reporter-output>
          </reporter-output>
        </test-method> <!-- setUp -->
        <test-method is-config="true" signature="getAppUrl()[pri:0, instance:com.saucedemo.tests.CheckoutTests@3f390d63]" started-at="2025-12-01T19:49:09 IST" name="getAppUrl" finished-at="2025-12-01T19:49:29 IST" duration-ms="20101" status="PASS">
          <reporter-output>
          </reporter-output>
        </test-method> <!-- getAppUrl -->
        <test-method signature="verifyCheckoutWithValidDetails()[pri:1, instance:com.saucedemo.tests.CheckoutTests@3f390d63]" started-at="2025-12-01T19:49:29 IST" name="verifyCheckoutWithValidDetails" finished-at="2025-12-01T19:49:32 IST" duration-ms="3573" status="PASS">
          <reporter-output>
          </reporter-output>
        </test-method> <!-- verifyCheckoutWithValidDetails -->
        <test-method is-config="true" signature="clearCookies()[pri:0, instance:com.saucedemo.tests.CheckoutTests@3f390d63]" started-at="2025-12-01T19:49:32 IST" name="clearCookies" finished-at="2025-12-01T19:49:32 IST" duration-ms="29" status="PASS">
          <reporter-output>
          </reporter-output>
        </test-method> <!-- clearCookies -->
        <test-method is-config="true" signature="getAppUrl()[pri:0, instance:com.saucedemo.tests.CheckoutTests@3f390d63]" started-at="2025-12-01T19:49:32 IST" name="getAppUrl" finished-at="2025-12-01T19:49:33 IST" duration-ms="295" status="PASS">
          <reporter-output>
          </reporter-output>
        </test-method> <!-- getAppUrl -->
        <test-method signature="verifyCheckoutWithMissingFirstname()[pri:2, instance:com.saucedemo.tests.CheckoutTests@3f390d63]" started-at="2025-12-01T19:49:33 IST" name="verifyCheckoutWithMissingFirstname" finished-at="2025-12-01T19:49:34 IST" duration-ms="1206" status="PASS">
          <reporter-output>
          </reporter-output>
        </test-method> <!-- verifyCheckoutWithMissingFirstname -->
        <test-method is-config="true" signature="clearCookies()[pri:0, instance:com.saucedemo.tests.CheckoutTests@3f390d63]" started-at="2025-12-01T19:49:34 IST" name="clearCookies" finished-at="2025-12-01T19:49:34 IST" duration-ms="15" status="PASS">
          <reporter-output>
          </reporter-output>
        </test-method> <!-- clearCookies -->
        <test-method is-config="true" signature="getAppUrl()[pri:0, instance:com.saucedemo.tests.CheckoutTests@3f390d63]" started-at="2025-12-01T19:49:34 IST" name="getAppUrl" finished-at="2025-12-01T19:49:34 IST" duration-ms="354" status="PASS">
          <reporter-output>
          </reporter-output>
        </test-method> <!-- getAppUrl -->
        <test-method signature="verifyCheckoutWithMissingZipcode()[pri:3, instance:com.saucedemo.tests.CheckoutTests@3f390d63]" started-at="2025-12-01T19:49:34 IST" name="verifyCheckoutWithMissingZipcode" finished-at="2025-12-01T19:49:35 IST" duration-ms="869" status="PASS">
          <reporter-output>
          </reporter-output>
        </test-method> <!-- verifyCheckoutWithMissingZipcode -->
        <test-method is-config="true" signature="clearCookies()[pri:0, instance:com.saucedemo.tests.CheckoutTests@3f390d63]" started-at="2025-12-01T19:49:35 IST" name="clearCookies" finished-at="2025-12-01T19:49:35 IST" duration-ms="17" status="PASS">
          <reporter-output>
          </reporter-output>
        </test-method> <!-- clearCookies -->
        <test-method is-config="true" signature="getAppUrl()[pri:0, instance:com.saucedemo.tests.CheckoutTests@3f390d63]" started-at="2025-12-01T19:49:35 IST" name="getAppUrl" finished-at="2025-12-01T19:49:36 IST" duration-ms="755" status="PASS">
          <reporter-output>
          </reporter-output>
        </test-method> <!-- getAppUrl -->
        <test-method signature="verifyCancelCheckoutFromInfoPage()[pri:4, instance:com.saucedemo.tests.CheckoutTests@3f390d63]" started-at="2025-12-01T19:49:36 IST" name="verifyCancelCheckoutFromInfoPage" finished-at="2025-12-01T19:49:37 IST" duration-ms="855" status="PASS">
          <reporter-output>
          </reporter-output>
        </test-method> <!-- verifyCancelCheckoutFromInfoPage -->
        <test-method is-config="true" signature="clearCookies()[pri:0, instance:com.saucedemo.tests.CheckoutTests@3f390d63]" started-at="2025-12-01T19:49:37 IST" name="clearCookies" finished-at="2025-12-01T19:49:37 IST" duration-ms="25" status="PASS">
          <reporter-output>
          </reporter-output>
        </test-method> <!-- clearCookies -->
        <test-method is-config="true" signature="getAppUrl()[pri:0, instance:com.saucedemo.tests.CheckoutTests@3f390d63]" started-at="2025-12-01T19:49:37 IST" name="getAppUrl" finished-at="2025-12-01T19:49:37 IST" duration-ms="314" status="PASS">
          <reporter-output>
          </reporter-output>
        </test-method> <!-- getAppUrl -->
        <test-method signature="verifyCompletePurchase()[pri:5, instance:com.saucedemo.tests.CheckoutTests@3f390d63]" started-at="2025-12-01T19:49:37 IST" name="verifyCompletePurchase" finished-at="2025-12-01T19:49:38 IST" duration-ms="1295" status="PASS">
          <reporter-output>
          </reporter-output>
        </test-method> <!-- verifyCompletePurchase -->
        <test-method is-config="true" signature="clearCookies()[pri:0, instance:com.saucedemo.tests.CheckoutTests@3f390d63]" started-at="2025-12-01T19:49:38 IST" name="clearCookies" finished-at="2025-12-01T19:49:38 IST" duration-ms="40" status="PASS">
          <reporter-output>
          </reporter-output>
        </test-method> <!-- clearCookies -->
        <test-method is-config="true" signature="tearDown()[pri:0, instance:com.saucedemo.tests.CheckoutTests@3f390d63]" started-at="2025-12-01T19:49:38 IST" name="tearDown" finished-at="2025-12-01T19:49:50 IST" duration-ms="11746" status="PASS">
          <reporter-output>
          </reporter-output>
        </test-method> <!-- tearDown -->
      </class> <!-- com.saucedemo.tests.CheckoutTests -->
      <class name="com.saucedemo.tests.ProductTests">
        <test-method is-config="true" signature="setUp(java.lang.String)[pri:0, instance:com.saucedemo.tests.ProductTests@1af687fe]" started-at="2025-12-01T19:48:12 IST" name="setUp" finished-at="2025-12-01T19:49:10 IST" duration-ms="57850" status="PASS">
          <params>
            <param index="0">
              <value>
                <![CDATA[firefox]]>
              </value>
            </param>
          </params>
          <reporter-output>
          </reporter-output>
        </test-method> <!-- setUp -->
        <test-method is-config="true" signature="getAppUrl()[pri:0, instance:com.saucedemo.tests.ProductTests@1af687fe]" started-at="2025-12-01T19:49:10 IST" name="getAppUrl" finished-at="2025-12-01T19:49:25 IST" duration-ms="15211" status="PASS">
          <reporter-output>
          </reporter-output>
        </test-method> <!-- getAppUrl -->
        <test-method signature="verifyProductListingAfterLogin()[pri:1, instance:com.saucedemo.tests.ProductTests@1af687fe]" started-at="2025-12-01T19:49:25 IST" name="verifyProductListingAfterLogin" finished-at="2025-12-01T19:49:27 IST" duration-ms="2130" status="PASS">
          <reporter-output>
          </reporter-output>
        </test-method> <!-- verifyProductListingAfterLogin -->
        <test-method is-config="true" signature="clearCookies()[pri:0, instance:com.saucedemo.tests.ProductTests@1af687fe]" started-at="2025-12-01T19:49:27 IST" name="clearCookies" finished-at="2025-12-01T19:49:27 IST" duration-ms="32" status="PASS">
          <reporter-output>
          </reporter-output>
        </test-method> <!-- clearCookies -->
        <test-method is-config="true" signature="getAppUrl()[pri:0, instance:com.saucedemo.tests.ProductTests@1af687fe]" started-at="2025-12-01T19:49:27 IST" name="getAppUrl" finished-at="2025-12-01T19:49:28 IST" duration-ms="730" status="PASS">
          <reporter-output>
          </reporter-output>
        </test-method> <!-- getAppUrl -->
        <test-method signature="verifyAddToCart()[pri:2, instance:com.saucedemo.tests.ProductTests@1af687fe]" started-at="2025-12-01T19:49:28 IST" name="verifyAddToCart" finished-at="2025-12-01T19:49:31 IST" duration-ms="3143" status="PASS">
          <reporter-output>
          </reporter-output>
        </test-method> <!-- verifyAddToCart -->
        <test-method is-config="true" signature="clearCookies()[pri:0, instance:com.saucedemo.tests.ProductTests@1af687fe]" started-at="2025-12-01T19:49:31 IST" name="clearCookies" finished-at="2025-12-01T19:49:31 IST" duration-ms="116" status="PASS">
          <reporter-output>
          </reporter-output>
        </test-method> <!-- clearCookies -->
        <test-method is-config="true" signature="getAppUrl()[pri:0, instance:com.saucedemo.tests.ProductTests@1af687fe]" started-at="2025-12-01T19:49:31 IST" name="getAppUrl" finished-at="2025-12-01T19:49:31 IST" duration-ms="392" status="PASS">
          <reporter-output>
          </reporter-output>
        </test-method> <!-- getAppUrl -->
        <test-method signature="addMultipleProductToCart()[pri:3, instance:com.saucedemo.tests.ProductTests@1af687fe]" started-at="2025-12-01T19:49:31 IST" name="addMultipleProductToCart" finished-at="2025-12-01T19:49:33 IST" duration-ms="1145" status="PASS">
          <reporter-output>
          </reporter-output>
        </test-method> <!-- addMultipleProductToCart -->
        <test-method is-config="true" signature="clearCookies()[pri:0, instance:com.saucedemo.tests.ProductTests@1af687fe]" started-at="2025-12-01T19:49:33 IST" name="clearCookies" finished-at="2025-12-01T19:49:33 IST" duration-ms="23" status="PASS">
          <reporter-output>
          </reporter-output>
        </test-method> <!-- clearCookies -->
        <test-method is-config="true" signature="getAppUrl()[pri:0, instance:com.saucedemo.tests.ProductTests@1af687fe]" started-at="2025-12-01T19:49:33 IST" name="getAppUrl" finished-at="2025-12-01T19:49:33 IST" duration-ms="416" status="PASS">
          <reporter-output>
          </reporter-output>
        </test-method> <!-- getAppUrl -->
        <test-method signature="removeProductFromCart()[pri:4, instance:com.saucedemo.tests.ProductTests@1af687fe]" started-at="2025-12-01T19:49:33 IST" name="removeProductFromCart" finished-at="2025-12-01T19:49:44 IST" duration-ms="10537" status="PASS">
          <reporter-output>
          </reporter-output>
        </test-method> <!-- removeProductFromCart -->
        <test-method is-config="true" signature="clearCookies()[pri:0, instance:com.saucedemo.tests.ProductTests@1af687fe]" started-at="2025-12-01T19:49:44 IST" name="clearCookies" finished-at="2025-12-01T19:49:44 IST" duration-ms="72" status="PASS">
          <reporter-output>
          </reporter-output>
        </test-method> <!-- clearCookies -->
        <test-method is-config="true" signature="getAppUrl()[pri:0, instance:com.saucedemo.tests.ProductTests@1af687fe]" started-at="2025-12-01T19:49:44 IST" name="getAppUrl" finished-at="2025-12-01T19:49:44 IST" duration-ms="370" status="PASS">
          <reporter-output>
          </reporter-output>
        </test-method> <!-- getAppUrl -->
        <test-method signature="viewProductDetails()[pri:5, instance:com.saucedemo.tests.ProductTests@1af687fe]" started-at="2025-12-01T19:49:44 IST" name="viewProductDetails" finished-at="2025-12-01T19:49:55 IST" duration-ms="10897" status="PASS">
          <reporter-output>
          </reporter-output>
        </test-method> <!-- viewProductDetails -->
        <test-method is-config="true" signature="clearCookies()[pri:0, instance:com.saucedemo.tests.ProductTests@1af687fe]" started-at="2025-12-01T19:49:55 IST" name="clearCookies" finished-at="2025-12-01T19:49:55 IST" duration-ms="10" status="PASS">
          <reporter-output>
          </reporter-output>
        </test-method> <!-- clearCookies -->
        <test-method is-config="true" signature="getAppUrl()[pri:0, instance:com.saucedemo.tests.ProductTests@1af687fe]" started-at="2025-12-01T19:49:55 IST" name="getAppUrl" finished-at="2025-12-01T19:49:55 IST" duration-ms="130" status="PASS">
          <reporter-output>
          </reporter-output>
        </test-method> <!-- getAppUrl -->
        <test-method signature="navigateBackFromProductDetails()[pri:6, instance:com.saucedemo.tests.ProductTests@1af687fe]" started-at="2025-12-01T19:49:55 IST" name="navigateBackFromProductDetails" finished-at="2025-12-01T19:49:55 IST" duration-ms="390" status="PASS">
          <reporter-output>
          </reporter-output>
        </test-method> <!-- navigateBackFromProductDetails -->
        <test-method is-config="true" signature="clearCookies()[pri:0, instance:com.saucedemo.tests.ProductTests@1af687fe]" started-at="2025-12-01T19:49:55 IST" name="clearCookies" finished-at="2025-12-01T19:49:55 IST" duration-ms="16" status="PASS">
          <reporter-output>
          </reporter-output>
        </test-method> <!-- clearCookies -->
        <test-method is-config="true" signature="tearDown()[pri:0, instance:com.saucedemo.tests.ProductTests@1af687fe]" started-at="2025-12-01T19:49:55 IST" name="tearDown" finished-at="2025-12-01T19:49:57 IST" duration-ms="1374" status="PASS">
          <reporter-output>
          </reporter-output>
        </test-method> <!-- tearDown -->
      </class> <!-- com.saucedemo.tests.ProductTests -->
    </test> <!-- FirefoxTests -->
  </suite> <!-- SauceDemo Suite -->
</testng-results>
