<?xml version="1.0" encoding="UTF-8"?>
<testng-results ignored="0" total="40" passed="40" failed="0" skipped="0">
  <reporter-output>
  </reporter-output>
  <suite started-at="2025-11-18T17:15:25 IST" name="SauceDemo Suite" finished-at="2025-11-18T17:17:43 IST" duration-ms="138152">
    <groups>
    </groups>
    <test started-at="2025-11-18T17:15:25 IST" name="FirefoxTests" finished-at="2025-11-18T17:17:35 IST" duration-ms="129825">
      <class name="com.saucedemo.tests.CartTests">
        <test-method is-config="true" signature="setUp(java.lang.String)[pri:0, instance:com.saucedemo.tests.CartTests@14dda234]" started-at="2025-11-18T17:15:25 IST" name="setUp" finished-at="2025-11-18T17:16:33 IST" duration-ms="68358" status="PASS">
          <params>
            <param index="0">
              <value>
                <![CDATA[firefox]]>
              </value>
            </param>
          </params>
          <reporter-output>
          </reporter-output>
        </test-method> <!-- setUp -->
        <test-method is-config="true" signature="getAppUrl()[pri:0, instance:com.saucedemo.tests.CartTests@14dda234]" started-at="2025-11-18T17:16:33 IST" name="getAppUrl" finished-at="2025-11-18T17:16:45 IST" duration-ms="11721" status="PASS">
          <reporter-output>
          </reporter-output>
        </test-method> <!-- getAppUrl -->
        <test-method signature="verifyCartItems()[pri:1, instance:com.saucedemo.tests.CartTests@14dda234]" started-at="2025-11-18T17:16:45 IST" name="verifyCartItems" finished-at="2025-11-18T17:16:51 IST" duration-ms="6440" status="PASS">
          <reporter-output>
          </reporter-output>
        </test-method> <!-- verifyCartItems -->
        <test-method is-config="true" signature="clearCookies()[pri:0, instance:com.saucedemo.tests.CartTests@14dda234]" started-at="2025-11-18T17:16:51 IST" name="clearCookies" finished-at="2025-11-18T17:16:52 IST" duration-ms="314" status="PASS">
          <reporter-output>
          </reporter-output>
        </test-method> <!-- clearCookies -->
        <test-method is-config="true" signature="getAppUrl()[pri:0, instance:com.saucedemo.tests.CartTests@14dda234]" started-at="2025-11-18T17:16:52 IST" name="getAppUrl" finished-at="2025-11-18T17:16:54 IST" duration-ms="2515" status="PASS">
          <reporter-output>
          </reporter-output>
        </test-method> <!-- getAppUrl -->
        <test-method signature="removeItemFromCartPage()[pri:2, instance:com.saucedemo.tests.CartTests@14dda234]" started-at="2025-11-18T17:16:54 IST" name="removeItemFromCartPage" finished-at="2025-11-18T17:17:12 IST" duration-ms="18087" status="PASS">
          <reporter-output>
          </reporter-output>
        </test-method> <!-- removeItemFromCartPage -->
        <test-method is-config="true" signature="clearCookies()[pri:0, instance:com.saucedemo.tests.CartTests@14dda234]" started-at="2025-11-18T17:17:12 IST" name="clearCookies" finished-at="2025-11-18T17:17:13 IST" duration-ms="88" status="PASS">
          <reporter-output>
          </reporter-output>
        </test-method> <!-- clearCookies -->
        <test-method is-config="true" signature="getAppUrl()[pri:0, instance:com.saucedemo.tests.CartTests@14dda234]" started-at="2025-11-18T17:17:13 IST" name="getAppUrl" finished-at="2025-11-18T17:17:15 IST" duration-ms="2558" status="PASS">
          <reporter-output>
          </reporter-output>
        </test-method> <!-- getAppUrl -->
        <test-method signature="continueShoppingFromCart()[pri:3, instance:com.saucedemo.tests.CartTests@14dda234]" started-at="2025-11-18T17:17:15 IST" name="continueShoppingFromCart" finished-at="2025-11-18T17:17:16 IST" duration-ms="1253" status="PASS">
          <reporter-output>
          </reporter-output>
        </test-method> <!-- continueShoppingFromCart -->
        <test-method is-config="true" signature="clearCookies()[pri:0, instance:com.saucedemo.tests.CartTests@14dda234]" started-at="2025-11-18T17:17:16 IST" name="clearCookies" finished-at="2025-11-18T17:17:16 IST" duration-ms="57" status="PASS">
          <reporter-output>
          </reporter-output>
        </test-method> <!-- clearCookies -->
        <test-method is-config="true" signature="tearDown()[pri:0, instance:com.saucedemo.tests.CartTests@14dda234]" started-at="2025-11-18T17:17:16 IST" name="tearDown" finished-at="2025-11-18T17:17:31 IST" duration-ms="14759" status="PASS">
          <reporter-output>
          </reporter-output>
        </test-method> <!-- tearDown -->
      </class> <!-- com.saucedemo.tests.CartTests -->
      <class name="com.saucedemo.tests.LoginTests">
        <test-method is-config="true" signature="setUp(java.lang.String)[pri:0, instance:com.saucedemo.tests.LoginTests@5553d0f5]" started-at="2025-11-18T17:15:25 IST" name="setUp" finished-at="2025-11-18T17:16:50 IST" duration-ms="85478" status="PASS">
          <params>
            <param index="0">
              <value>
                <![CDATA[firefox]]>
              </value>
            </param>
          </params>
          <reporter-output>
          </reporter-output>
        </test-method> <!-- setUp -->
        <test-method is-config="true" signature="getAppUrl()[pri:0, instance:com.saucedemo.tests.LoginTests@5553d0f5]" started-at="2025-11-18T17:16:50 IST" name="getAppUrl" finished-at="2025-11-18T17:17:00 IST" duration-ms="9736" status="PASS">
          <reporter-output>
          </reporter-output>
        </test-method> <!-- getAppUrl -->
        <test-method signature="verifyLoginWithValidCredentials()[pri:1, instance:com.saucedemo.tests.LoginTests@5553d0f5]" started-at="2025-11-18T17:17:00 IST" name="verifyLoginWithValidCredentials" finished-at="2025-11-18T17:17:08 IST" duration-ms="7605" status="PASS">
          <reporter-output>
          </reporter-output>
        </test-method> <!-- verifyLoginWithValidCredentials -->
        <test-method is-config="true" signature="clearCookies()[pri:0, instance:com.saucedemo.tests.LoginTests@5553d0f5]" started-at="2025-11-18T17:17:08 IST" name="clearCookies" finished-at="2025-11-18T17:17:08 IST" duration-ms="169" status="PASS">
          <reporter-output>
          </reporter-output>
        </test-method> <!-- clearCookies -->
        <test-method is-config="true" signature="getAppUrl()[pri:0, instance:com.saucedemo.tests.LoginTests@5553d0f5]" started-at="2025-11-18T17:17:08 IST" name="getAppUrl" finished-at="2025-11-18T17:17:10 IST" duration-ms="2252" status="PASS">
          <reporter-output>
          </reporter-output>
        </test-method> <!-- getAppUrl -->
        <test-method signature="verifyLoginWithInvalidCredentials()[pri:2, instance:com.saucedemo.tests.LoginTests@5553d0f5]" started-at="2025-11-18T17:17:10 IST" name="verifyLoginWithInvalidCredentials" finished-at="2025-11-18T17:17:13 IST" duration-ms="3233" status="PASS">
          <reporter-output>
          </reporter-output>
        </test-method> <!-- verifyLoginWithInvalidCredentials -->
        <test-method is-config="true" signature="clearCookies()[pri:0, instance:com.saucedemo.tests.LoginTests@5553d0f5]" started-at="2025-11-18T17:17:13 IST" name="clearCookies" finished-at="2025-11-18T17:17:13 IST" duration-ms="62" status="PASS">
          <reporter-output>
          </reporter-output>
        </test-method> <!-- clearCookies -->
        <test-method is-config="true" signature="getAppUrl()[pri:0, instance:com.saucedemo.tests.LoginTests@5553d0f5]" started-at="2025-11-18T17:17:13 IST" name="getAppUrl" finished-at="2025-11-18T17:17:15 IST" duration-ms="1924" status="PASS">
          <reporter-output>
          </reporter-output>
        </test-method> <!-- getAppUrl -->
        <test-method signature="verifyLoginWithEmptyUsername()[pri:3, instance:com.saucedemo.tests.LoginTests@5553d0f5]" started-at="2025-11-18T17:17:15 IST" name="verifyLoginWithEmptyUsername" finished-at="2025-11-18T17:17:18 IST" duration-ms="2523" status="PASS">
          <reporter-output>
          </reporter-output>
        </test-method> <!-- verifyLoginWithEmptyUsername -->
        <test-method is-config="true" signature="clearCookies()[pri:0, instance:com.saucedemo.tests.LoginTests@5553d0f5]" started-at="2025-11-18T17:17:18 IST" name="clearCookies" finished-at="2025-11-18T17:17:19 IST" duration-ms="599" status="PASS">
          <reporter-output>
          </reporter-output>
        </test-method> <!-- clearCookies -->
        <test-method is-config="true" signature="getAppUrl()[pri:0, instance:com.saucedemo.tests.LoginTests@5553d0f5]" started-at="2025-11-18T17:17:19 IST" name="getAppUrl" finished-at="2025-11-18T17:17:19 IST" duration-ms="734" status="PASS">
          <reporter-output>
          </reporter-output>
        </test-method> <!-- getAppUrl -->
        <test-method signature="verifyLoginWithEmptyPassword()[pri:4, instance:com.saucedemo.tests.LoginTests@5553d0f5]" started-at="2025-11-18T17:17:19 IST" name="verifyLoginWithEmptyPassword" finished-at="2025-11-18T17:17:20 IST" duration-ms="467" status="PASS">
          <reporter-output>
          </reporter-output>
        </test-method> <!-- verifyLoginWithEmptyPassword -->
        <test-method is-config="true" signature="clearCookies()[pri:0, instance:com.saucedemo.tests.LoginTests@5553d0f5]" started-at="2025-11-18T17:17:20 IST" name="clearCookies" finished-at="2025-11-18T17:17:20 IST" duration-ms="19" status="PASS">
          <reporter-output>
          </reporter-output>
        </test-method> <!-- clearCookies -->
        <test-method is-config="true" signature="getAppUrl()[pri:0, instance:com.saucedemo.tests.LoginTests@5553d0f5]" started-at="2025-11-18T17:17:20 IST" name="getAppUrl" finished-at="2025-11-18T17:17:20 IST" duration-ms="402" status="PASS">
          <reporter-output>
          </reporter-output>
        </test-method> <!-- getAppUrl -->
        <test-method signature="verifyLoginWithBothFieldsEmpty()[pri:5, instance:com.saucedemo.tests.LoginTests@5553d0f5]" started-at="2025-11-18T17:17:20 IST" name="verifyLoginWithBothFieldsEmpty" finished-at="2025-11-18T17:17:21 IST" duration-ms="535" status="PASS">
          <reporter-output>
          </reporter-output>
        </test-method> <!-- verifyLoginWithBothFieldsEmpty -->
        <test-method is-config="true" signature="clearCookies()[pri:0, instance:com.saucedemo.tests.LoginTests@5553d0f5]" started-at="2025-11-18T17:17:21 IST" name="clearCookies" finished-at="2025-11-18T17:17:21 IST" duration-ms="25" status="PASS">
          <reporter-output>
          </reporter-output>
        </test-method> <!-- clearCookies -->
        <test-method is-config="true" signature="tearDown()[pri:0, instance:com.saucedemo.tests.LoginTests@5553d0f5]" started-at="2025-11-18T17:17:21 IST" name="tearDown" finished-at="2025-11-18T17:17:35 IST" duration-ms="13646" status="PASS">
          <reporter-output>
          </reporter-output>
        </test-method> <!-- tearDown -->
      </class> <!-- com.saucedemo.tests.LoginTests -->
      <class name="com.saucedemo.tests.LogoutTest">
        <test-method is-config="true" signature="setUp(java.lang.String)[pri:0, instance:com.saucedemo.tests.LogoutTest@74a6a609]" started-at="2025-11-18T17:15:25 IST" name="setUp" finished-at="2025-11-18T17:15:59 IST" duration-ms="34151" status="PASS">
          <params>
            <param index="0">
              <value>
                <![CDATA[firefox]]>
              </value>
            </param>
          </params>
          <reporter-output>
          </reporter-output>
        </test-method> <!-- setUp -->
        <test-method is-config="true" signature="getAppUrl()[pri:0, instance:com.saucedemo.tests.LogoutTest@74a6a609]" started-at="2025-11-18T17:15:59 IST" name="getAppUrl" finished-at="2025-11-18T17:16:06 IST" duration-ms="7359" status="PASS">
          <reporter-output>
          </reporter-output>
        </test-method> <!-- getAppUrl -->
        <test-method signature="verifyLogout()[pri:20, instance:com.saucedemo.tests.LogoutTest@74a6a609]" started-at="2025-11-18T17:16:06 IST" name="verifyLogout" finished-at="2025-11-18T17:16:19 IST" duration-ms="12751" status="PASS">
          <reporter-output>
          </reporter-output>
        </test-method> <!-- verifyLogout -->
        <test-method is-config="true" signature="clearCookies()[pri:0, instance:com.saucedemo.tests.LogoutTest@74a6a609]" started-at="2025-11-18T17:16:20 IST" name="clearCookies" finished-at="2025-11-18T17:16:20 IST" duration-ms="250" status="PASS">
          <reporter-output>
          </reporter-output>
        </test-method> <!-- clearCookies -->
        <test-method is-config="true" signature="tearDown()[pri:0, instance:com.saucedemo.tests.LogoutTest@74a6a609]" started-at="2025-11-18T17:16:20 IST" name="tearDown" finished-at="2025-11-18T17:16:51 IST" duration-ms="30537" status="PASS">
          <reporter-output>
          </reporter-output>
        </test-method> <!-- tearDown -->
      </class> <!-- com.saucedemo.tests.LogoutTest -->
      <class name="com.saucedemo.tests.CheckoutTests">
        <test-method is-config="true" signature="setUp(java.lang.String)[pri:0, instance:com.saucedemo.tests.CheckoutTests@3f390d63]" started-at="2025-11-18T17:15:25 IST" name="setUp" finished-at="2025-11-18T17:16:32 IST" duration-ms="66617" status="PASS">
          <params>
            <param index="0">
              <value>
                <![CDATA[firefox]]>
              </value>
            </param>
          </params>
          <reporter-output>
          </reporter-output>
        </test-method> <!-- setUp -->
        <test-method is-config="true" signature="getAppUrl()[pri:0, instance:com.saucedemo.tests.CheckoutTests@3f390d63]" started-at="2025-11-18T17:16:32 IST" name="getAppUrl" finished-at="2025-11-18T17:16:44 IST" duration-ms="11998" status="PASS">
          <reporter-output>
          </reporter-output>
        </test-method> <!-- getAppUrl -->
        <test-method signature="verifyCheckoutWithValidDetails()[pri:1, instance:com.saucedemo.tests.CheckoutTests@3f390d63]" started-at="2025-11-18T17:16:44 IST" name="verifyCheckoutWithValidDetails" finished-at="2025-11-18T17:16:57 IST" duration-ms="13055" status="PASS">
          <reporter-output>
          </reporter-output>
        </test-method> <!-- verifyCheckoutWithValidDetails -->
        <test-method is-config="true" signature="clearCookies()[pri:0, instance:com.saucedemo.tests.CheckoutTests@3f390d63]" started-at="2025-11-18T17:16:57 IST" name="clearCookies" finished-at="2025-11-18T17:16:57 IST" duration-ms="869" status="PASS">
          <reporter-output>
          </reporter-output>
        </test-method> <!-- clearCookies -->
        <test-method is-config="true" signature="getAppUrl()[pri:0, instance:com.saucedemo.tests.CheckoutTests@3f390d63]" started-at="2025-11-18T17:16:57 IST" name="getAppUrl" finished-at="2025-11-18T17:17:03 IST" duration-ms="5788" status="PASS">
          <reporter-output>
          </reporter-output>
        </test-method> <!-- getAppUrl -->
        <test-method signature="verifyCheckoutWithMissingFirstname()[pri:2, instance:com.saucedemo.tests.CheckoutTests@3f390d63]" started-at="2025-11-18T17:17:03 IST" name="verifyCheckoutWithMissingFirstname" finished-at="2025-11-18T17:17:09 IST" duration-ms="5386" status="PASS">
          <reporter-output>
          </reporter-output>
        </test-method> <!-- verifyCheckoutWithMissingFirstname -->
        <test-method is-config="true" signature="clearCookies()[pri:0, instance:com.saucedemo.tests.CheckoutTests@3f390d63]" started-at="2025-11-18T17:17:09 IST" name="clearCookies" finished-at="2025-11-18T17:17:09 IST" duration-ms="33" status="PASS">
          <reporter-output>
          </reporter-output>
        </test-method> <!-- clearCookies -->
        <test-method is-config="true" signature="getAppUrl()[pri:0, instance:com.saucedemo.tests.CheckoutTests@3f390d63]" started-at="2025-11-18T17:17:09 IST" name="getAppUrl" finished-at="2025-11-18T17:17:09 IST" duration-ms="213" status="PASS">
          <reporter-output>
          </reporter-output>
        </test-method> <!-- getAppUrl -->
        <test-method signature="verifyCheckoutWithMissingZipcode()[pri:3, instance:com.saucedemo.tests.CheckoutTests@3f390d63]" started-at="2025-11-18T17:17:09 IST" name="verifyCheckoutWithMissingZipcode" finished-at="2025-11-18T17:17:10 IST" duration-ms="1190" status="PASS">
          <reporter-output>
          </reporter-output>
        </test-method> <!-- verifyCheckoutWithMissingZipcode -->
        <test-method is-config="true" signature="clearCookies()[pri:0, instance:com.saucedemo.tests.CheckoutTests@3f390d63]" started-at="2025-11-18T17:17:10 IST" name="clearCookies" finished-at="2025-11-18T17:17:10 IST" duration-ms="35" status="PASS">
          <reporter-output>
          </reporter-output>
        </test-method> <!-- clearCookies -->
        <test-method is-config="true" signature="getAppUrl()[pri:0, instance:com.saucedemo.tests.CheckoutTests@3f390d63]" started-at="2025-11-18T17:17:10 IST" name="getAppUrl" finished-at="2025-11-18T17:17:11 IST" duration-ms="374" status="PASS">
          <reporter-output>
          </reporter-output>
        </test-method> <!-- getAppUrl -->
        <test-method signature="verifyCancelCheckoutFromInfoPage()[pri:4, instance:com.saucedemo.tests.CheckoutTests@3f390d63]" started-at="2025-11-18T17:17:11 IST" name="verifyCancelCheckoutFromInfoPage" finished-at="2025-11-18T17:17:12 IST" duration-ms="1179" status="PASS">
          <reporter-output>
          </reporter-output>
        </test-method> <!-- verifyCancelCheckoutFromInfoPage -->
        <test-method is-config="true" signature="clearCookies()[pri:0, instance:com.saucedemo.tests.CheckoutTests@3f390d63]" started-at="2025-11-18T17:17:12 IST" name="clearCookies" finished-at="2025-11-18T17:17:12 IST" duration-ms="77" status="PASS">
          <reporter-output>
          </reporter-output>
        </test-method> <!-- clearCookies -->
        <test-method is-config="true" signature="getAppUrl()[pri:0, instance:com.saucedemo.tests.CheckoutTests@3f390d63]" started-at="2025-11-18T17:17:12 IST" name="getAppUrl" finished-at="2025-11-18T17:17:12 IST" duration-ms="194" status="PASS">
          <reporter-output>
          </reporter-output>
        </test-method> <!-- getAppUrl -->
        <test-method signature="verifyCompletePurchase()[pri:5, instance:com.saucedemo.tests.CheckoutTests@3f390d63]" started-at="2025-11-18T17:17:12 IST" name="verifyCompletePurchase" finished-at="2025-11-18T17:17:14 IST" duration-ms="1591" status="PASS">
          <reporter-output>
          </reporter-output>
        </test-method> <!-- verifyCompletePurchase -->
        <test-method is-config="true" signature="clearCookies()[pri:0, instance:com.saucedemo.tests.CheckoutTests@3f390d63]" started-at="2025-11-18T17:17:14 IST" name="clearCookies" finished-at="2025-11-18T17:17:14 IST" duration-ms="57" status="PASS">
          <reporter-output>
          </reporter-output>
        </test-method> <!-- clearCookies -->
        <test-method is-config="true" signature="tearDown()[pri:0, instance:com.saucedemo.tests.CheckoutTests@3f390d63]" started-at="2025-11-18T17:17:14 IST" name="tearDown" finished-at="2025-11-18T17:17:29 IST" duration-ms="15430" status="PASS">
          <reporter-output>
          </reporter-output>
        </test-method> <!-- tearDown -->
      </class> <!-- com.saucedemo.tests.CheckoutTests -->
      <class name="com.saucedemo.tests.ProductTests">
        <test-method is-config="true" signature="setUp(java.lang.String)[pri:0, instance:com.saucedemo.tests.ProductTests@1af687fe]" started-at="2025-11-18T17:15:25 IST" name="setUp" finished-at="2025-11-18T17:16:06 IST" duration-ms="40644" status="PASS">
          <params>
            <param index="0">
              <value>
                <![CDATA[firefox]]>
              </value>
            </param>
          </params>
          <reporter-output>
          </reporter-output>
        </test-method> <!-- setUp -->
        <test-method is-config="true" signature="getAppUrl()[pri:0, instance:com.saucedemo.tests.ProductTests@1af687fe]" started-at="2025-11-18T17:16:06 IST" name="getAppUrl" finished-at="2025-11-18T17:16:14 IST" duration-ms="8743" status="PASS">
          <reporter-output>
          </reporter-output>
        </test-method> <!-- getAppUrl -->
        <test-method signature="verifyProductListingAfterLogin()[pri:1, instance:com.saucedemo.tests.ProductTests@1af687fe]" started-at="2025-11-18T17:16:14 IST" name="verifyProductListingAfterLogin" finished-at="2025-11-18T17:16:24 IST" duration-ms="10094" status="PASS">
          <reporter-output>
          </reporter-output>
        </test-method> <!-- verifyProductListingAfterLogin -->
        <test-method is-config="true" signature="clearCookies()[pri:0, instance:com.saucedemo.tests.ProductTests@1af687fe]" started-at="2025-11-18T17:16:24 IST" name="clearCookies" finished-at="2025-11-18T17:16:25 IST" duration-ms="175" status="PASS">
          <reporter-output>
          </reporter-output>
        </test-method> <!-- clearCookies -->
        <test-method is-config="true" signature="getAppUrl()[pri:0, instance:com.saucedemo.tests.ProductTests@1af687fe]" started-at="2025-11-18T17:16:25 IST" name="getAppUrl" finished-at="2025-11-18T17:16:26 IST" duration-ms="938" status="PASS">
          <reporter-output>
          </reporter-output>
        </test-method> <!-- getAppUrl -->
        <test-method signature="verifyAddToCart()[pri:2, instance:com.saucedemo.tests.ProductTests@1af687fe]" started-at="2025-11-18T17:16:26 IST" name="verifyAddToCart" finished-at="2025-11-18T17:16:31 IST" duration-ms="4859" status="PASS">
          <reporter-output>
          </reporter-output>
        </test-method> <!-- verifyAddToCart -->
        <test-method is-config="true" signature="clearCookies()[pri:0, instance:com.saucedemo.tests.ProductTests@1af687fe]" started-at="2025-11-18T17:16:31 IST" name="clearCookies" finished-at="2025-11-18T17:16:31 IST" duration-ms="142" status="PASS">
          <reporter-output>
          </reporter-output>
        </test-method> <!-- clearCookies -->
        <test-method is-config="true" signature="getAppUrl()[pri:0, instance:com.saucedemo.tests.ProductTests@1af687fe]" started-at="2025-11-18T17:16:31 IST" name="getAppUrl" finished-at="2025-11-18T17:16:34 IST" duration-ms="3024" status="PASS">
          <reporter-output>
          </reporter-output>
        </test-method> <!-- getAppUrl -->
        <test-method signature="addMultipleProductToCart()[pri:3, instance:com.saucedemo.tests.ProductTests@1af687fe]" started-at="2025-11-18T17:16:34 IST" name="addMultipleProductToCart" finished-at="2025-11-18T17:16:42 IST" duration-ms="8073" status="PASS">
          <reporter-output>
          </reporter-output>
        </test-method> <!-- addMultipleProductToCart -->
        <test-method is-config="true" signature="clearCookies()[pri:0, instance:com.saucedemo.tests.ProductTests@1af687fe]" started-at="2025-11-18T17:16:42 IST" name="clearCookies" finished-at="2025-11-18T17:16:42 IST" duration-ms="69" status="PASS">
          <reporter-output>
          </reporter-output>
        </test-method> <!-- clearCookies -->
        <test-method is-config="true" signature="getAppUrl()[pri:0, instance:com.saucedemo.tests.ProductTests@1af687fe]" started-at="2025-11-18T17:16:42 IST" name="getAppUrl" finished-at="2025-11-18T17:16:44 IST" duration-ms="1992" status="PASS">
          <reporter-output>
          </reporter-output>
        </test-method> <!-- getAppUrl -->
        <test-method signature="removeProductFromCart()[pri:4, instance:com.saucedemo.tests.ProductTests@1af687fe]" started-at="2025-11-18T17:16:44 IST" name="removeProductFromCart" finished-at="2025-11-18T17:16:58 IST" duration-ms="13622" status="PASS">
          <reporter-output>
          </reporter-output>
        </test-method> <!-- removeProductFromCart -->
        <test-method is-config="true" signature="clearCookies()[pri:0, instance:com.saucedemo.tests.ProductTests@1af687fe]" started-at="2025-11-18T17:16:58 IST" name="clearCookies" finished-at="2025-11-18T17:16:58 IST" duration-ms="156" status="PASS">
          <reporter-output>
          </reporter-output>
        </test-method> <!-- clearCookies -->
        <test-method is-config="true" signature="getAppUrl()[pri:0, instance:com.saucedemo.tests.ProductTests@1af687fe]" started-at="2025-11-18T17:16:58 IST" name="getAppUrl" finished-at="2025-11-18T17:17:01 IST" duration-ms="3629" status="PASS">
          <reporter-output>
          </reporter-output>
        </test-method> <!-- getAppUrl -->
        <test-method signature="viewProductDetails()[pri:5, instance:com.saucedemo.tests.ProductTests@1af687fe]" started-at="2025-11-18T17:17:01 IST" name="viewProductDetails" finished-at="2025-11-18T17:17:19 IST" duration-ms="17707" status="PASS">
          <reporter-output>
          </reporter-output>
        </test-method> <!-- viewProductDetails -->
        <test-method is-config="true" signature="clearCookies()[pri:0, instance:com.saucedemo.tests.ProductTests@1af687fe]" started-at="2025-11-18T17:17:19 IST" name="clearCookies" finished-at="2025-11-18T17:17:19 IST" duration-ms="169" status="PASS">
          <reporter-output>
          </reporter-output>
        </test-method> <!-- clearCookies -->
        <test-method is-config="true" signature="getAppUrl()[pri:0, instance:com.saucedemo.tests.ProductTests@1af687fe]" started-at="2025-11-18T17:17:19 IST" name="getAppUrl" finished-at="2025-11-18T17:17:20 IST" duration-ms="782" status="PASS">
          <reporter-output>
          </reporter-output>
        </test-method> <!-- getAppUrl -->
        <test-method signature="navigateBackFromProductDetails()[pri:6, instance:com.saucedemo.tests.ProductTests@1af687fe]" started-at="2025-11-18T17:17:20 IST" name="navigateBackFromProductDetails" finished-at="2025-11-18T17:17:23 IST" duration-ms="3070" status="PASS">
          <reporter-output>
          </reporter-output>
        </test-method> <!-- navigateBackFromProductDetails -->
        <test-method is-config="true" signature="clearCookies()[pri:0, instance:com.saucedemo.tests.ProductTests@1af687fe]" started-at="2025-11-18T17:17:23 IST" name="clearCookies" finished-at="2025-11-18T17:17:23 IST" duration-ms="19" status="PASS">
          <reporter-output>
          </reporter-output>
        </test-method> <!-- clearCookies -->
        <test-method is-config="true" signature="tearDown()[pri:0, instance:com.saucedemo.tests.ProductTests@1af687fe]" started-at="2025-11-18T17:17:23 IST" name="tearDown" finished-at="2025-11-18T17:17:34 IST" duration-ms="10792" status="PASS">
          <reporter-output>
          </reporter-output>
        </test-method> <!-- tearDown -->
      </class> <!-- com.saucedemo.tests.ProductTests -->
    </test> <!-- FirefoxTests -->
    <test started-at="2025-11-18T17:15:25 IST" name="ChromeTests" finished-at="2025-11-18T17:17:43 IST" duration-ms="138152">
      <class name="com.saucedemo.tests.CartTests">
        <test-method is-config="true" signature="setUp(java.lang.String)[pri:0, instance:com.saucedemo.tests.CartTests@3d9f6567]" started-at="2025-11-18T17:15:25 IST" name="setUp" finished-at="2025-11-18T17:15:44 IST" duration-ms="19554" status="PASS">
          <params>
            <param index="0">
              <value>
                <![CDATA[chrome]]>
              </value>
            </param>
          </params>
          <reporter-output>
          </reporter-output>
        </test-method> <!-- setUp -->
        <test-method is-config="true" signature="getAppUrl()[pri:0, instance:com.saucedemo.tests.CartTests@3d9f6567]" started-at="2025-11-18T17:15:44 IST" name="getAppUrl" finished-at="2025-11-18T17:15:56 IST" duration-ms="11799" status="PASS">
          <reporter-output>
          </reporter-output>
        </test-method> <!-- getAppUrl -->
        <test-method signature="verifyCartItems()[pri:1, instance:com.saucedemo.tests.CartTests@3d9f6567]" started-at="2025-11-18T17:15:56 IST" name="verifyCartItems" finished-at="2025-11-18T17:16:34 IST" duration-ms="37839" status="PASS">
          <reporter-output>
          </reporter-output>
        </test-method> <!-- verifyCartItems -->
        <test-method is-config="true" signature="clearCookies()[pri:0, instance:com.saucedemo.tests.CartTests@3d9f6567]" started-at="2025-11-18T17:16:34 IST" name="clearCookies" finished-at="2025-11-18T17:16:35 IST" duration-ms="460" status="PASS">
          <reporter-output>
          </reporter-output>
        </test-method> <!-- clearCookies -->
        <test-method is-config="true" signature="getAppUrl()[pri:0, instance:com.saucedemo.tests.CartTests@3d9f6567]" started-at="2025-11-18T17:16:35 IST" name="getAppUrl" finished-at="2025-11-18T17:16:35 IST" duration-ms="193" status="PASS">
          <reporter-output>
          </reporter-output>
        </test-method> <!-- getAppUrl -->
        <test-method signature="removeItemFromCartPage()[pri:2, instance:com.saucedemo.tests.CartTests@3d9f6567]" started-at="2025-11-18T17:16:35 IST" name="removeItemFromCartPage" finished-at="2025-11-18T17:16:53 IST" duration-ms="18133" status="PASS">
          <reporter-output>
          </reporter-output>
        </test-method> <!-- removeItemFromCartPage -->
        <test-method is-config="true" signature="clearCookies()[pri:0, instance:com.saucedemo.tests.CartTests@3d9f6567]" started-at="2025-11-18T17:16:53 IST" name="clearCookies" finished-at="2025-11-18T17:16:53 IST" duration-ms="495" status="PASS">
          <reporter-output>
          </reporter-output>
        </test-method> <!-- clearCookies -->
        <test-method is-config="true" signature="getAppUrl()[pri:0, instance:com.saucedemo.tests.CartTests@3d9f6567]" started-at="2025-11-18T17:16:53 IST" name="getAppUrl" finished-at="2025-11-18T17:16:54 IST" duration-ms="134" status="PASS">
          <reporter-output>
          </reporter-output>
        </test-method> <!-- getAppUrl -->
        <test-method signature="continueShoppingFromCart()[pri:3, instance:com.saucedemo.tests.CartTests@3d9f6567]" started-at="2025-11-18T17:16:54 IST" name="continueShoppingFromCart" finished-at="2025-11-18T17:17:02 IST" duration-ms="8844" status="PASS">
          <reporter-output>
          </reporter-output>
        </test-method> <!-- continueShoppingFromCart -->
        <test-method is-config="true" signature="clearCookies()[pri:0, instance:com.saucedemo.tests.CartTests@3d9f6567]" started-at="2025-11-18T17:17:02 IST" name="clearCookies" finished-at="2025-11-18T17:17:03 IST" duration-ms="374" status="PASS">
          <reporter-output>
          </reporter-output>
        </test-method> <!-- clearCookies -->
        <test-method is-config="true" signature="tearDown()[pri:0, instance:com.saucedemo.tests.CartTests@3d9f6567]" started-at="2025-11-18T17:17:03 IST" name="tearDown" finished-at="2025-11-18T17:17:34 IST" duration-ms="31137" status="PASS">
          <reporter-output>
          </reporter-output>
        </test-method> <!-- tearDown -->
      </class> <!-- com.saucedemo.tests.CartTests -->
      <class name="com.saucedemo.tests.LoginTests">
        <test-method is-config="true" signature="setUp(java.lang.String)[pri:0, instance:com.saucedemo.tests.LoginTests@2101b44a]" started-at="2025-11-18T17:15:25 IST" name="setUp" finished-at="2025-11-18T17:15:47 IST" duration-ms="22495" status="PASS">
          <params>
            <param index="0">
              <value>
                <![CDATA[chrome]]>
              </value>
            </param>
          </params>
          <reporter-output>
          </reporter-output>
        </test-method> <!-- setUp -->
        <test-method is-config="true" signature="getAppUrl()[pri:0, instance:com.saucedemo.tests.LoginTests@2101b44a]" started-at="2025-11-18T17:15:47 IST" name="getAppUrl" finished-at="2025-11-18T17:15:50 IST" duration-ms="2826" status="PASS">
          <reporter-output>
          </reporter-output>
        </test-method> <!-- getAppUrl -->
        <test-method signature="verifyLoginWithValidCredentials()[pri:1, instance:com.saucedemo.tests.LoginTests@2101b44a]" started-at="2025-11-18T17:15:50 IST" name="verifyLoginWithValidCredentials" finished-at="2025-11-18T17:16:31 IST" duration-ms="40321" status="PASS">
          <reporter-output>
          </reporter-output>
        </test-method> <!-- verifyLoginWithValidCredentials -->
        <test-method is-config="true" signature="clearCookies()[pri:0, instance:com.saucedemo.tests.LoginTests@2101b44a]" started-at="2025-11-18T17:16:31 IST" name="clearCookies" finished-at="2025-11-18T17:16:32 IST" duration-ms="1702" status="PASS">
          <reporter-output>
          </reporter-output>
        </test-method> <!-- clearCookies -->
        <test-method is-config="true" signature="getAppUrl()[pri:0, instance:com.saucedemo.tests.LoginTests@2101b44a]" started-at="2025-11-18T17:16:32 IST" name="getAppUrl" finished-at="2025-11-18T17:16:35 IST" duration-ms="2372" status="PASS">
          <reporter-output>
          </reporter-output>
        </test-method> <!-- getAppUrl -->
        <test-method signature="verifyLoginWithInvalidCredentials()[pri:2, instance:com.saucedemo.tests.LoginTests@2101b44a]" started-at="2025-11-18T17:16:35 IST" name="verifyLoginWithInvalidCredentials" finished-at="2025-11-18T17:16:43 IST" duration-ms="7705" status="PASS">
          <reporter-output>
          </reporter-output>
        </test-method> <!-- verifyLoginWithInvalidCredentials -->
        <test-method is-config="true" signature="clearCookies()[pri:0, instance:com.saucedemo.tests.LoginTests@2101b44a]" started-at="2025-11-18T17:16:43 IST" name="clearCookies" finished-at="2025-11-18T17:16:43 IST" duration-ms="626" status="PASS">
          <reporter-output>
          </reporter-output>
        </test-method> <!-- clearCookies -->
        <test-method is-config="true" signature="getAppUrl()[pri:0, instance:com.saucedemo.tests.LoginTests@2101b44a]" started-at="2025-11-18T17:16:43 IST" name="getAppUrl" finished-at="2025-11-18T17:16:44 IST" duration-ms="358" status="PASS">
          <reporter-output>
          </reporter-output>
        </test-method> <!-- getAppUrl -->
        <test-method signature="verifyLoginWithEmptyUsername()[pri:3, instance:com.saucedemo.tests.LoginTests@2101b44a]" started-at="2025-11-18T17:16:44 IST" name="verifyLoginWithEmptyUsername" finished-at="2025-11-18T17:16:52 IST" duration-ms="8850" status="PASS">
          <reporter-output>
          </reporter-output>
        </test-method> <!-- verifyLoginWithEmptyUsername -->
        <test-method is-config="true" signature="clearCookies()[pri:0, instance:com.saucedemo.tests.LoginTests@2101b44a]" started-at="2025-11-18T17:16:52 IST" name="clearCookies" finished-at="2025-11-18T17:16:53 IST" duration-ms="718" status="PASS">
          <reporter-output>
          </reporter-output>
        </test-method> <!-- clearCookies -->
        <test-method is-config="true" signature="getAppUrl()[pri:0, instance:com.saucedemo.tests.LoginTests@2101b44a]" started-at="2025-11-18T17:16:53 IST" name="getAppUrl" finished-at="2025-11-18T17:16:53 IST" duration-ms="252" status="PASS">
          <reporter-output>
          </reporter-output>
        </test-method> <!-- getAppUrl -->
        <test-method signature="verifyLoginWithEmptyPassword()[pri:4, instance:com.saucedemo.tests.LoginTests@2101b44a]" started-at="2025-11-18T17:16:53 IST" name="verifyLoginWithEmptyPassword" finished-at="2025-11-18T17:17:07 IST" duration-ms="13415" status="PASS">
          <reporter-output>
          </reporter-output>
        </test-method> <!-- verifyLoginWithEmptyPassword -->
        <test-method is-config="true" signature="clearCookies()[pri:0, instance:com.saucedemo.tests.LoginTests@2101b44a]" started-at="2025-11-18T17:17:07 IST" name="clearCookies" finished-at="2025-11-18T17:17:07 IST" duration-ms="561" status="PASS">
          <reporter-output>
          </reporter-output>
        </test-method> <!-- clearCookies -->
        <test-method is-config="true" signature="getAppUrl()[pri:0, instance:com.saucedemo.tests.LoginTests@2101b44a]" started-at="2025-11-18T17:17:07 IST" name="getAppUrl" finished-at="2025-11-18T17:17:08 IST" duration-ms="245" status="PASS">
          <reporter-output>
          </reporter-output>
        </test-method> <!-- getAppUrl -->
        <test-method signature="verifyLoginWithBothFieldsEmpty()[pri:5, instance:com.saucedemo.tests.LoginTests@2101b44a]" started-at="2025-11-18T17:17:08 IST" name="verifyLoginWithBothFieldsEmpty" finished-at="2025-11-18T17:17:15 IST" duration-ms="7784" status="PASS">
          <reporter-output>
          </reporter-output>
        </test-method> <!-- verifyLoginWithBothFieldsEmpty -->
        <test-method is-config="true" signature="clearCookies()[pri:0, instance:com.saucedemo.tests.LoginTests@2101b44a]" started-at="2025-11-18T17:17:15 IST" name="clearCookies" finished-at="2025-11-18T17:17:16 IST" duration-ms="242" status="PASS">
          <reporter-output>
          </reporter-output>
        </test-method> <!-- clearCookies -->
        <test-method is-config="true" signature="tearDown()[pri:0, instance:com.saucedemo.tests.LoginTests@2101b44a]" started-at="2025-11-18T17:17:16 IST" name="tearDown" finished-at="2025-11-18T17:17:42 IST" duration-ms="25968" status="PASS">
          <reporter-output>
          </reporter-output>
        </test-method> <!-- tearDown -->
      </class> <!-- com.saucedemo.tests.LoginTests -->
      <class name="com.saucedemo.tests.LogoutTest">
        <test-method is-config="true" signature="setUp(java.lang.String)[pri:0, instance:com.saucedemo.tests.LogoutTest@25e2ab5a]" started-at="2025-11-18T17:15:25 IST" name="setUp" finished-at="2025-11-18T17:15:46 IST" duration-ms="21269" status="PASS">
          <params>
            <param index="0">
              <value>
                <![CDATA[chrome]]>
              </value>
            </param>
          </params>
          <reporter-output>
          </reporter-output>
        </test-method> <!-- setUp -->
        <test-method is-config="true" signature="getAppUrl()[pri:0, instance:com.saucedemo.tests.LogoutTest@25e2ab5a]" started-at="2025-11-18T17:15:46 IST" name="getAppUrl" finished-at="2025-11-18T17:15:59 IST" duration-ms="13158" status="PASS">
          <reporter-output>
          </reporter-output>
        </test-method> <!-- getAppUrl -->
        <test-method signature="verifyLogout()[pri:20, instance:com.saucedemo.tests.LogoutTest@25e2ab5a]" started-at="2025-11-18T17:15:59 IST" name="verifyLogout" finished-at="2025-11-18T17:16:35 IST" duration-ms="35984" status="PASS">
          <reporter-output>
          </reporter-output>
        </test-method> <!-- verifyLogout -->
        <test-method is-config="true" signature="clearCookies()[pri:0, instance:com.saucedemo.tests.LogoutTest@25e2ab5a]" started-at="2025-11-18T17:16:35 IST" name="clearCookies" finished-at="2025-11-18T17:16:36 IST" duration-ms="473" status="PASS">
          <reporter-output>
          </reporter-output>
        </test-method> <!-- clearCookies -->
        <test-method is-config="true" signature="tearDown()[pri:0, instance:com.saucedemo.tests.LogoutTest@25e2ab5a]" started-at="2025-11-18T17:16:36 IST" name="tearDown" finished-at="2025-11-18T17:17:18 IST" duration-ms="41723" status="PASS">
          <reporter-output>
          </reporter-output>
        </test-method> <!-- tearDown -->
      </class> <!-- com.saucedemo.tests.LogoutTest -->
      <class name="com.saucedemo.tests.CheckoutTests">
        <test-method is-config="true" signature="setUp(java.lang.String)[pri:0, instance:com.saucedemo.tests.CheckoutTests@c055c54]" started-at="2025-11-18T17:15:25 IST" name="setUp" finished-at="2025-11-18T17:15:44 IST" duration-ms="19555" status="PASS">
          <params>
            <param index="0">
              <value>
                <![CDATA[chrome]]>
              </value>
            </param>
          </params>
          <reporter-output>
          </reporter-output>
        </test-method> <!-- setUp -->
        <test-method is-config="true" signature="getAppUrl()[pri:0, instance:com.saucedemo.tests.CheckoutTests@c055c54]" started-at="2025-11-18T17:15:44 IST" name="getAppUrl" finished-at="2025-11-18T17:15:50 IST" duration-ms="5755" status="PASS">
          <reporter-output>
          </reporter-output>
        </test-method> <!-- getAppUrl -->
        <test-method signature="verifyCheckoutWithValidDetails()[pri:1, instance:com.saucedemo.tests.CheckoutTests@c055c54]" started-at="2025-11-18T17:15:50 IST" name="verifyCheckoutWithValidDetails" finished-at="2025-11-18T17:16:48 IST" duration-ms="57356" status="PASS">
          <reporter-output>
          </reporter-output>
        </test-method> <!-- verifyCheckoutWithValidDetails -->
        <test-method is-config="true" signature="clearCookies()[pri:0, instance:com.saucedemo.tests.CheckoutTests@c055c54]" started-at="2025-11-18T17:16:48 IST" name="clearCookies" finished-at="2025-11-18T17:16:48 IST" duration-ms="636" status="PASS">
          <reporter-output>
          </reporter-output>
        </test-method> <!-- clearCookies -->
        <test-method is-config="true" signature="getAppUrl()[pri:0, instance:com.saucedemo.tests.CheckoutTests@c055c54]" started-at="2025-11-18T17:16:48 IST" name="getAppUrl" finished-at="2025-11-18T17:16:49 IST" duration-ms="1147" status="PASS">
          <reporter-output>
          </reporter-output>
        </test-method> <!-- getAppUrl -->
        <test-method signature="verifyCheckoutWithMissingFirstname()[pri:2, instance:com.saucedemo.tests.CheckoutTests@c055c54]" started-at="2025-11-18T17:16:49 IST" name="verifyCheckoutWithMissingFirstname" finished-at="2025-11-18T17:17:16 IST" duration-ms="26806" status="PASS">
          <reporter-output>
          </reporter-output>
        </test-method> <!-- verifyCheckoutWithMissingFirstname -->
        <test-method is-config="true" signature="clearCookies()[pri:0, instance:com.saucedemo.tests.CheckoutTests@c055c54]" started-at="2025-11-18T17:17:16 IST" name="clearCookies" finished-at="2025-11-18T17:17:16 IST" duration-ms="80" status="PASS">
          <reporter-output>
          </reporter-output>
        </test-method> <!-- clearCookies -->
        <test-method is-config="true" signature="getAppUrl()[pri:0, instance:com.saucedemo.tests.CheckoutTests@c055c54]" started-at="2025-11-18T17:17:16 IST" name="getAppUrl" finished-at="2025-11-18T17:17:16 IST" duration-ms="179" status="PASS">
          <reporter-output>
          </reporter-output>
        </test-method> <!-- getAppUrl -->
        <test-method signature="verifyCheckoutWithMissingZipcode()[pri:3, instance:com.saucedemo.tests.CheckoutTests@c055c54]" started-at="2025-11-18T17:17:16 IST" name="verifyCheckoutWithMissingZipcode" finished-at="2025-11-18T17:17:22 IST" duration-ms="5567" status="PASS">
          <reporter-output>
          </reporter-output>
        </test-method> <!-- verifyCheckoutWithMissingZipcode -->
        <test-method is-config="true" signature="clearCookies()[pri:0, instance:com.saucedemo.tests.CheckoutTests@c055c54]" started-at="2025-11-18T17:17:22 IST" name="clearCookies" finished-at="2025-11-18T17:17:22 IST" duration-ms="38" status="PASS">
          <reporter-output>
          </reporter-output>
        </test-method> <!-- clearCookies -->
        <test-method is-config="true" signature="getAppUrl()[pri:0, instance:com.saucedemo.tests.CheckoutTests@c055c54]" started-at="2025-11-18T17:17:22 IST" name="getAppUrl" finished-at="2025-11-18T17:17:22 IST" duration-ms="101" status="PASS">
          <reporter-output>
          </reporter-output>
        </test-method> <!-- getAppUrl -->
        <test-method signature="verifyCancelCheckoutFromInfoPage()[pri:4, instance:com.saucedemo.tests.CheckoutTests@c055c54]" started-at="2025-11-18T17:17:22 IST" name="verifyCancelCheckoutFromInfoPage" finished-at="2025-11-18T17:17:25 IST" duration-ms="2662" status="PASS">
          <reporter-output>
          </reporter-output>
        </test-method> <!-- verifyCancelCheckoutFromInfoPage -->
        <test-method is-config="true" signature="clearCookies()[pri:0, instance:com.saucedemo.tests.CheckoutTests@c055c54]" started-at="2025-11-18T17:17:25 IST" name="clearCookies" finished-at="2025-11-18T17:17:25 IST" duration-ms="28" status="PASS">
          <reporter-output>
          </reporter-output>
        </test-method> <!-- clearCookies -->
        <test-method is-config="true" signature="getAppUrl()[pri:0, instance:com.saucedemo.tests.CheckoutTests@c055c54]" started-at="2025-11-18T17:17:25 IST" name="getAppUrl" finished-at="2025-11-18T17:17:25 IST" duration-ms="84" status="PASS">
          <reporter-output>
          </reporter-output>
        </test-method> <!-- getAppUrl -->
        <test-method signature="verifyCompletePurchase()[pri:5, instance:com.saucedemo.tests.CheckoutTests@c055c54]" started-at="2025-11-18T17:17:25 IST" name="verifyCompletePurchase" finished-at="2025-11-18T17:17:28 IST" duration-ms="2731" status="PASS">
          <reporter-output>
          </reporter-output>
        </test-method> <!-- verifyCompletePurchase -->
        <test-method is-config="true" signature="clearCookies()[pri:0, instance:com.saucedemo.tests.CheckoutTests@c055c54]" started-at="2025-11-18T17:17:28 IST" name="clearCookies" finished-at="2025-11-18T17:17:28 IST" duration-ms="65" status="PASS">
          <reporter-output>
          </reporter-output>
        </test-method> <!-- clearCookies -->
        <test-method is-config="true" signature="tearDown()[pri:0, instance:com.saucedemo.tests.CheckoutTests@c055c54]" started-at="2025-11-18T17:17:28 IST" name="tearDown" finished-at="2025-11-18T17:17:43 IST" duration-ms="15151" status="PASS">
          <reporter-output>
          </reporter-output>
        </test-method> <!-- tearDown -->
      </class> <!-- com.saucedemo.tests.CheckoutTests -->
      <class name="com.saucedemo.tests.ProductTests">
        <test-method is-config="true" signature="setUp(java.lang.String)[pri:0, instance:com.saucedemo.tests.ProductTests@119020fb]" started-at="2025-11-18T17:15:25 IST" name="setUp" finished-at="2025-11-18T17:15:45 IST" duration-ms="19958" status="PASS">
          <params>
            <param index="0">
              <value>
                <![CDATA[chrome]]>
              </value>
            </param>
          </params>
          <reporter-output>
          </reporter-output>
        </test-method> <!-- setUp -->
        <test-method is-config="true" signature="getAppUrl()[pri:0, instance:com.saucedemo.tests.ProductTests@119020fb]" started-at="2025-11-18T17:15:45 IST" name="getAppUrl" finished-at="2025-11-18T17:15:58 IST" duration-ms="12863" status="PASS">
          <reporter-output>
          </reporter-output>
        </test-method> <!-- getAppUrl -->
        <test-method signature="verifyProductListingAfterLogin()[pri:1, instance:com.saucedemo.tests.ProductTests@119020fb]" started-at="2025-11-18T17:15:58 IST" name="verifyProductListingAfterLogin" finished-at="2025-11-18T17:16:34 IST" duration-ms="36519" status="PASS">
          <reporter-output>
          </reporter-output>
        </test-method> <!-- verifyProductListingAfterLogin -->
        <test-method is-config="true" signature="clearCookies()[pri:0, instance:com.saucedemo.tests.ProductTests@119020fb]" started-at="2025-11-18T17:16:34 IST" name="clearCookies" finished-at="2025-11-18T17:16:35 IST" duration-ms="819" status="PASS">
          <reporter-output>
          </reporter-output>
        </test-method> <!-- clearCookies -->
        <test-method is-config="true" signature="getAppUrl()[pri:0, instance:com.saucedemo.tests.ProductTests@119020fb]" started-at="2025-11-18T17:16:35 IST" name="getAppUrl" finished-at="2025-11-18T17:16:36 IST" duration-ms="469" status="PASS">
          <reporter-output>
          </reporter-output>
        </test-method> <!-- getAppUrl -->
        <test-method signature="verifyAddToCart()[pri:2, instance:com.saucedemo.tests.ProductTests@119020fb]" started-at="2025-11-18T17:16:36 IST" name="verifyAddToCart" finished-at="2025-11-18T17:16:48 IST" duration-ms="12089" status="PASS">
          <reporter-output>
          </reporter-output>
        </test-method> <!-- verifyAddToCart -->
        <test-method is-config="true" signature="clearCookies()[pri:0, instance:com.saucedemo.tests.ProductTests@119020fb]" started-at="2025-11-18T17:16:48 IST" name="clearCookies" finished-at="2025-11-18T17:16:48 IST" duration-ms="611" status="PASS">
          <reporter-output>
          </reporter-output>
        </test-method> <!-- clearCookies -->
        <test-method is-config="true" signature="getAppUrl()[pri:0, instance:com.saucedemo.tests.ProductTests@119020fb]" started-at="2025-11-18T17:16:48 IST" name="getAppUrl" finished-at="2025-11-18T17:16:49 IST" duration-ms="392" status="PASS">
          <reporter-output>
          </reporter-output>
        </test-method> <!-- getAppUrl -->
        <test-method signature="addMultipleProductToCart()[pri:3, instance:com.saucedemo.tests.ProductTests@119020fb]" started-at="2025-11-18T17:16:49 IST" name="addMultipleProductToCart" finished-at="2025-11-18T17:17:09 IST" duration-ms="19853" status="PASS">
          <reporter-output>
          </reporter-output>
        </test-method> <!-- addMultipleProductToCart -->
        <test-method is-config="true" signature="clearCookies()[pri:0, instance:com.saucedemo.tests.ProductTests@119020fb]" started-at="2025-11-18T17:17:09 IST" name="clearCookies" finished-at="2025-11-18T17:17:09 IST" duration-ms="725" status="PASS">
          <reporter-output>
          </reporter-output>
        </test-method> <!-- clearCookies -->
        <test-method is-config="true" signature="getAppUrl()[pri:0, instance:com.saucedemo.tests.ProductTests@119020fb]" started-at="2025-11-18T17:17:09 IST" name="getAppUrl" finished-at="2025-11-18T17:17:10 IST" duration-ms="308" status="PASS">
          <reporter-output>
          </reporter-output>
        </test-method> <!-- getAppUrl -->
        <test-method signature="removeProductFromCart()[pri:4, instance:com.saucedemo.tests.ProductTests@119020fb]" started-at="2025-11-18T17:17:10 IST" name="removeProductFromCart" finished-at="2025-11-18T17:17:27 IST" duration-ms="17119" status="PASS">
          <reporter-output>
          </reporter-output>
        </test-method> <!-- removeProductFromCart -->
        <test-method is-config="true" signature="clearCookies()[pri:0, instance:com.saucedemo.tests.ProductTests@119020fb]" started-at="2025-11-18T17:17:27 IST" name="clearCookies" finished-at="2025-11-18T17:17:27 IST" duration-ms="93" status="PASS">
          <reporter-output>
          </reporter-output>
        </test-method> <!-- clearCookies -->
        <test-method is-config="true" signature="getAppUrl()[pri:0, instance:com.saucedemo.tests.ProductTests@119020fb]" started-at="2025-11-18T17:17:27 IST" name="getAppUrl" finished-at="2025-11-18T17:17:27 IST" duration-ms="251" status="PASS">
          <reporter-output>
          </reporter-output>
        </test-method> <!-- getAppUrl -->
        <test-method signature="viewProductDetails()[pri:5, instance:com.saucedemo.tests.ProductTests@119020fb]" started-at="2025-11-18T17:17:27 IST" name="viewProductDetails" finished-at="2025-11-18T17:17:39 IST" duration-ms="11400" status="PASS">
          <reporter-output>
          </reporter-output>
        </test-method> <!-- viewProductDetails -->
        <test-method is-config="true" signature="clearCookies()[pri:0, instance:com.saucedemo.tests.ProductTests@119020fb]" started-at="2025-11-18T17:17:39 IST" name="clearCookies" finished-at="2025-11-18T17:17:39 IST" duration-ms="67" status="PASS">
          <reporter-output>
          </reporter-output>
        </test-method> <!-- clearCookies -->
        <test-method is-config="true" signature="getAppUrl()[pri:0, instance:com.saucedemo.tests.ProductTests@119020fb]" started-at="2025-11-18T17:17:39 IST" name="getAppUrl" finished-at="2025-11-18T17:17:39 IST" duration-ms="66" status="PASS">
          <reporter-output>
          </reporter-output>
        </test-method> <!-- getAppUrl -->
        <test-method signature="navigateBackFromProductDetails()[pri:6, instance:com.saucedemo.tests.ProductTests@119020fb]" started-at="2025-11-18T17:17:39 IST" name="navigateBackFromProductDetails" finished-at="2025-11-18T17:17:39 IST" duration-ms="824" status="PASS">
          <reporter-output>
          </reporter-output>
        </test-method> <!-- navigateBackFromProductDetails -->
        <test-method is-config="true" signature="clearCookies()[pri:0, instance:com.saucedemo.tests.ProductTests@119020fb]" started-at="2025-11-18T17:17:39 IST" name="clearCookies" finished-at="2025-11-18T17:17:40 IST" duration-ms="38" status="PASS">
          <reporter-output>
          </reporter-output>
        </test-method> <!-- clearCookies -->
        <test-method is-config="true" signature="tearDown()[pri:0, instance:com.saucedemo.tests.ProductTests@119020fb]" started-at="2025-11-18T17:17:40 IST" name="tearDown" finished-at="2025-11-18T17:17:42 IST" duration-ms="2393" status="PASS">
          <reporter-output>
          </reporter-output>
        </test-method> <!-- tearDown -->
      </class> <!-- com.saucedemo.tests.ProductTests -->
    </test> <!-- ChromeTests -->
  </suite> <!-- SauceDemo Suite -->
</testng-results>
